<?xml version="1.0" encoding="UTF-8"?>
<robot generator="Robot 3.2.2 (Python 3.9.0 on win32)" generated="20201118 00:03:48.463" rpa="false">
<suite id="s1" name="Hanaffiamazon" source="C:\hanaffiamazon">
<suite id="s1-s1" name="Testcase" source="C:\hanaffiamazon\Testcase">
<suite id="s1-s1-s1" name="Testcase" source="C:\hanaffiamazon\Testcase\Testcase.robot">
<test id="s1-s1-s1-t1" name="Test case 1- Compare two data in the ebay and Amazon">
<kw name="When user open the Amazon and search iPhone 11" library="testcase_keywords">
<msg timestamp="20201118 00:03:56.955" level="INFO">price_tree &lt;span class="a-price" data-a-color="base" data-a-size="l"&gt;&lt;span class="a-offscreen"&gt;$58.48&lt;/span&gt;&lt;span aria-hidden="true"&gt;&lt;span class="a-price-symbol"&gt;$&lt;/span&gt;&lt;span class="a-price-whole"&gt;58&lt;span class="a-price-decimal"&gt;.&lt;/span&gt;&lt;/span&gt;&lt;span class="a-price-fraction"&gt;48&lt;/span&gt;&lt;/span&gt;&lt;/span&gt;
price 58.48
price_record 58.48
description LifeProof FRĒ SERIES Waterproof Case for iPhone 11 - FIRE SKY (BLUEBIRD/TANGERINE)
link /gp/slredirect/picassoRedirect.html/ref=pa_sp_atf_aps_sr_pg1_1?ie=UTF8&amp;adId=A03983632AXS9VI1KWHBS&amp;url=%2FLifeProof-FR%25C4%2592-Waterproof-Case-iPhone%2Fdp%2FB07VV4LLVG%2Fref%3Dsr_1_1_sspa%3Fdchild%3D1%26keywords%3DiPhone%2B11%26qid%3D1605629032%26r%2B%2B%2B%2B%2Bef%3Dnb_sb_noss_2%26sr%3D8-1-spons%26psc%3D1&amp;qualifier=1605629032&amp;id=788926252051190&amp;widgetName=sp_atf
price_tree &lt;span class="a-price" data-a-color="base" data-a-size="l"&gt;&lt;span class="a-offscreen"&gt;$383.00&lt;/span&gt;&lt;span aria-hidden="true"&gt;&lt;span class="a-price-symbol"&gt;$&lt;/span&gt;&lt;span class="a-price-whole"&gt;383&lt;span class="a-price-decimal"&gt;.&lt;/span&gt;&lt;/span&gt;&lt;span class="a-price-fraction"&gt;00&lt;/span&gt;&lt;/span&gt;&lt;/span&gt;
price 383.0
price_record 383.0
description Apple iPhone XR, 64GB, Coral - Fully Unlocked (Renewed)
link /Apple-iPhone-XR-Fully-Unlocked/dp/B07P9765VS/ref=sr_1_2?dchild=1&amp;keywords=iPhone+11&amp;qid=1605629032&amp;r+++++ef=nb_sb_noss_2&amp;sr=8-2
price_tree &lt;span class="a-price" data-a-color="base" data-a-size="l"&gt;&lt;span class="a-offscreen"&gt;$689.98&lt;/span&gt;&lt;span aria-hidden="true"&gt;&lt;span class="a-price-symbol"&gt;$&lt;/span&gt;&lt;span class="a-price-whole"&gt;689&lt;span class="a-price-decimal"&gt;.&lt;/span&gt;&lt;/span&gt;&lt;span class="a-price-fraction"&gt;98&lt;/span&gt;&lt;/span&gt;&lt;/span&gt;
price 689.9
price_record 689.9
description Apple iPhone 11, 256GB, Unlocked - Green (Renewed)
link /Apple-iPhone-11-256GB-Unlocked/dp/B07ZPK1XV9/ref=sr_1_3?dchild=1&amp;keywords=iPhone+11&amp;qid=1605629032&amp;r+++++ef=nb_sb_noss_2&amp;sr=8-3
price_tree &lt;span class="a-price" data-a-color="base" data-a-size="l"&gt;&lt;span class="a-offscreen"&gt;$799.99&lt;/span&gt;&lt;span aria-hidden="true"&gt;&lt;span class="a-price-symbol"&gt;$&lt;/span&gt;&lt;span class="a-price-whole"&gt;799&lt;span class="a-price-decimal"&gt;.&lt;/span&gt;&lt;/span&gt;&lt;span class="a-price-fraction"&gt;99&lt;/span&gt;&lt;/span&gt;&lt;/span&gt;
price 799.9
price_record 799.9
description OnePlus 8 Pro Onyx Black,​ 5G Unlocked Android Smartphone U.S Version, 12GB RAM+256GB Storage, 120Hz Fluid Display,Quad Camera, Wireless Charge, with Alexa Built-in
link /OnePlus-Unlocked-Android-Smartphone-Wireless/dp/B08723FJMF/ref=sr_1_4?dchild=1&amp;keywords=iPhone+11&amp;qid=1605629032&amp;r+++++ef=nb_sb_noss_2&amp;sr=8-4
price_tree &lt;span class="a-price" data-a-color="base" data-a-size="l"&gt;&lt;span class="a-offscreen"&gt;$444.98&lt;/span&gt;&lt;span aria-hidden="true"&gt;&lt;span class="a-price-symbol"&gt;$&lt;/span&gt;&lt;span class="a-price-whole"&gt;444&lt;span class="a-price-decimal"&gt;.&lt;/span&gt;&lt;/span&gt;&lt;span class="a-price-fraction"&gt;98&lt;/span&gt;&lt;/span&gt;&lt;/span&gt;
price 444.9
price_record 444.9
description Apple iPhone X, 256GB, Silver - Fully Unlocked (Renewed)
link /Apple-iPhone-256GB-Silver-Unlocked/dp/B081TJ7B88/ref=sr_1_5?dchild=1&amp;keywords=iPhone+11&amp;qid=1605629032&amp;r+++++ef=nb_sb_noss_2&amp;sr=8-5
price_tree None
price_record 0
description New Apple iPhone 12 (256GB, Blue) [Locked] + Carrier Subscription
link /Apple-iPhone-Locked-Carrier-Subscription/dp/B08L5MJTCP/ref=sr_1_6?dchild=1&amp;keywords=iPhone+11&amp;qid=1605629032&amp;r+++++ef=nb_sb_noss_2&amp;sr=8-6
price_tree &lt;span class="a-price" data-a-color="base" data-a-size="l"&gt;&lt;span class="a-offscreen"&gt;$999.99&lt;/span&gt;&lt;span aria-hidden="true"&gt;&lt;span class="a-price-symbol"&gt;$&lt;/span&gt;&lt;span class="a-price-whole"&gt;999&lt;span class="a-price-decimal"&gt;.&lt;/span&gt;&lt;/span&gt;&lt;span class="a-price-fraction"&gt;99&lt;/span&gt;&lt;/span&gt;&lt;/span&gt;
price 999.9
price_record 999.9
description Samsung Galaxy S20 5G Factory Unlocked New Android Cell Phone US Version, 128GB of Storage, Fingerprint ID and Facial Recognition, Long-Lasting Battery, Cloud Blue
link /Samsung-Unlocked-Fingerprint-Recognition-Long-Lasting/dp/B082XXKZRC/ref=sr_1_7?dchild=1&amp;keywords=iPhone+11&amp;qid=1605629032&amp;r+++++ef=nb_sb_noss_2&amp;sr=8-7
price_tree &lt;span class="a-price" data-a-color="base" data-a-size="l"&gt;&lt;span class="a-offscreen"&gt;$729.80&lt;/span&gt;&lt;span aria-hidden="true"&gt;&lt;span class="a-price-symbol"&gt;$&lt;/span&gt;&lt;span class="a-price-whole"&gt;729&lt;span class="a-price-decimal"&gt;.&lt;/span&gt;&lt;/span&gt;&lt;span class="a-price-fraction"&gt;80&lt;/span&gt;&lt;/span&gt;&lt;/span&gt;
price 729.8
price_record 729.8
description Google Pixel 4 XL - Clearly White - 64GB - Unlocked
link /gcx/-/gfhz/events/?ref=gcx_hb_egg&amp;categoryId=EGG-HOL20-TECH-GIFTS&amp;pinnedAsins=B07YMFYTYY
price_tree None
price_record 0
description Apple iPhone 11 Pro [64GB, Space Gray] + Carrier Subscription [Cricket Wireless]
link /Apple-Carrier-Subscription-Cricket-Wireless/dp/B0844DSHY4/ref=sr_1_9?dchild=1&amp;keywords=iPhone+11&amp;qid=1605629032&amp;r+++++ef=nb_sb_noss_2&amp;sr=8-9
price_tree None
price_record 0
description New Apple iPhone 12 Pro (256GB, Gold) [Locked] + Carrier Subscription
link /Apple-iPhone-Locked-Carrier-Subscription/dp/B08L5QG5HG/ref=sr_1_10?dchild=1&amp;keywords=iPhone+11&amp;qid=1605629032&amp;r+++++ef=nb_sb_noss_2&amp;sr=8-10
price_tree None
price_record 0
description Apple iPhone 11 Pro Max [64GB, Space Gray] + Carrier Subscription [Cricket Wireless]
link /Apple-Carrier-Subscription-Cricket-Wireless/dp/B084GSPKMV/ref=sr_1_11?dchild=1&amp;keywords=iPhone+11&amp;qid=1605629032&amp;r+++++ef=nb_sb_noss_2&amp;sr=8-11
price_tree &lt;span class="a-price" data-a-color="base" data-a-size="l"&gt;&lt;span class="a-offscreen"&gt;$58.53&lt;/span&gt;&lt;span aria-hidden="true"&gt;&lt;span class="a-price-symbol"&gt;$&lt;/span&gt;&lt;span class="a-price-whole"&gt;58&lt;span class="a-price-decimal"&gt;.&lt;/span&gt;&lt;/span&gt;&lt;span class="a-price-fraction"&gt;53&lt;/span&gt;&lt;/span&gt;&lt;/span&gt;
price 58.53
price_record 58.53
description LifeProof FRĒ SERIES Waterproof Case for iPhone 11 Pro Max - CHALK IT UP (EVERGLADE/CHATEAU GRAY)
link /gp/slredirect/picassoRedirect.html/ref=pa_sp_mtf_aps_sr_pg1_1?ie=UTF8&amp;adId=A08278292CXFM7J8RM929&amp;url=%2FLifeProof-FR%25C4%2592-Waterproof-Case-iPhone%2Fdp%2FB07VYCBN36%2Fref%3Dsr_1_12_sspa%3Fdchild%3D1%26keywords%3DiPhone%2B11%26qid%3D1605629032%26r%2B%2B%2B%2B%2Bef%3Dnb_sb_noss_2%26sr%3D8-12-spons%26psc%3D1&amp;qualifier=1605629032&amp;id=788926252051190&amp;widgetName=sp_mtf
price_tree &lt;span class="a-price" data-a-color="base" data-a-size="l"&gt;&lt;span class="a-offscreen"&gt;$19.99&lt;/span&gt;&lt;span aria-hidden="true"&gt;&lt;span class="a-price-symbol"&gt;$&lt;/span&gt;&lt;span class="a-price-whole"&gt;19&lt;span class="a-price-decimal"&gt;.&lt;/span&gt;&lt;/span&gt;&lt;span class="a-price-fraction"&gt;99&lt;/span&gt;&lt;/span&gt;&lt;/span&gt;
price 19.99
price_record 19.99
description Cell Phone Stand, UXD Adjustable Phone Stand for Desk, Foldable Tablet Stand Holder for iPhone 12 Pro Max / 12 Mini / 11 SE X XS Samsung Galaxy S20+ S20 S10+ S10 iPad Pro/Air/Mini (Black)
link /gp/slredirect/picassoRedirect.html/ref=pa_sp_mtf_aps_sr_pg1_1?ie=UTF8&amp;adId=A0297944P6DQL2ZNVU19&amp;url=%2FUXD-Adjustable-Foldable-Tablet-Samsung%2Fdp%2FB088NSRHQF%2Fref%3Dsr_1_13_sspa%3Fdchild%3D1%26keywords%3DiPhone%2B11%26qid%3D1605629032%26r%2B%2B%2B%2B%2Bef%3Dnb_sb_noss_2%26sr%3D8-13-spons%26psc%3D1&amp;qualifier=1605629032&amp;id=788926252051190&amp;widgetName=sp_mtf
price_tree &lt;span class="a-price" data-a-color="base" data-a-size="l"&gt;&lt;span class="a-offscreen"&gt;$809.99&lt;/span&gt;&lt;span aria-hidden="true"&gt;&lt;span class="a-price-symbol"&gt;$&lt;/span&gt;&lt;span class="a-price-whole"&gt;809&lt;span class="a-price-decimal"&gt;.&lt;/span&gt;&lt;/span&gt;&lt;span class="a-price-fraction"&gt;99&lt;/span&gt;&lt;/span&gt;&lt;/span&gt;
price 809.9
price_record 809.9
description Apple iPhone 11 Pro, 64GB, Gold - for T-Mobile (Renewed)
link /Apple-iPhone-Pro-64GB-Gold/dp/B085T4YN7Y/ref=sr_1_14?dchild=1&amp;keywords=iPhone+11&amp;qid=1605629032&amp;r+++++ef=nb_sb_noss_2&amp;sr=8-14
price_tree None
price_record 0
description ASUS ROG Phone 2 (New) Unlocked GSM US Version &amp; Warranty, 512GB Storage, 12GB RAM, 6.6” FHD+ AMOLED 120Hz Display, Snapdragon 855 Plus, No Volte, Gaming Smartphone (ZS660KL-S855P-12G512G-BK) (512GB)
link /ASUS-ROG-Gaming-Phone-ZS660KL-S855P-12G512G-BK/dp/B07XPH822S/ref=sr_1_15?dchild=1&amp;keywords=iPhone+11&amp;qid=1605629032&amp;r+++++ef=nb_sb_noss_2&amp;sr=8-15
price_tree None
price_record 0
description Apple iPhone 8 Plus [64GB, Silver] + Carrier Subscription [Cricket Wireless]
link /Apple-iPhone-Plus-64GB-Silver/dp/B07VNNR5XY/ref=sr_1_16?dchild=1&amp;keywords=iPhone+11&amp;qid=1605629032&amp;r+++++ef=nb_sb_noss_2&amp;sr=8-16
price_tree None
price_record 0
description Apple iPhone XS Max [256GB, Space Gray] + Carrier Subscription [Cricket Wireless]
link /Apple-iPhone-XS-Max-256GB/dp/B07VMNXRKH/ref=sr_1_17?dchild=1&amp;keywords=iPhone+11&amp;qid=1605629032&amp;r+++++ef=nb_sb_noss_2&amp;sr=8-17
price_tree None
price_record 0
description Apple iPhone XR [64GB, (PRODUCT)RED] + Carrier Subscription [Cricket Wireless]
link /Apple-iPhone-XR-64GB-PRODUCT/dp/B07VSWLY55/ref=sr_1_18?dchild=1&amp;keywords=iPhone+11&amp;qid=1605629032&amp;r+++++ef=nb_sb_noss_2&amp;sr=8-18
price_tree &lt;span class="a-price" data-a-color="base" data-a-size="l"&gt;&lt;span class="a-offscreen"&gt;$849.95&lt;/span&gt;&lt;span aria-hidden="true"&gt;&lt;span class="a-price-symbol"&gt;$&lt;/span&gt;&lt;span class="a-price-whole"&gt;849&lt;span class="a-price-decimal"&gt;.&lt;/span&gt;&lt;/span&gt;&lt;span class="a-price-fraction"&gt;95&lt;/span&gt;&lt;/span&gt;&lt;/span&gt;
price 849.9
price_record 849.9
description Apple iPhone 11 Pro, 64GB, Midnight Green - Fully Unlocked (Renewed)
link /Apple-iPhone-64GB-Midnight-Green/dp/B07ZQRMWVB/ref=sr_1_19?dchild=1&amp;keywords=iPhone+11&amp;qid=1605629032&amp;r+++++ef=nb_sb_noss_2&amp;sr=8-19
price_tree &lt;span class="a-price" data-a-color="base" data-a-size="l"&gt;&lt;span class="a-offscreen"&gt;$8.99&lt;/span&gt;&lt;span aria-hidden="true"&gt;&lt;span class="a-price-symbol"&gt;$&lt;/span&gt;&lt;span class="a-price-whole"&gt;8&lt;span class="a-price-decimal"&gt;.&lt;/span&gt;&lt;/span&gt;&lt;span class="a-price-fraction"&gt;99&lt;/span&gt;&lt;/span&gt;&lt;/span&gt;
price 8.99
price_record 8.99
description LLARIMIN (2Pack) for iPhone Headphone Adapter to 3.5 mm Headphone Jack Converter for iPhone Se/11/7/7Plus/ 8/8Plus/X/10/XR Dongle for iPhone Earphone Audio Aux Adapter for iPhone Connector Adapter
link /gp/slredirect/picassoRedirect.html/ref=pa_sp_btf_aps_sr_pg1_1?ie=UTF8&amp;adId=A01378512B9W31114OJL6&amp;url=%2FLLARIMIN-Headphone-Converter-Earphone-Connector%2Fdp%2FB08FHN16YP%2Fref%3Dsr_1_20_sspa%3Fdchild%3D1%26keywords%3DiPhone%2B11%26qid%3D1605629032%26r%2B%2B%2B%2B%2Bef%3Dnb_sb_noss_2%26sr%3D8-20-spons%26psc%3D1%26smid%3DA1Z217MQK1EQM3&amp;qualifier=1605629032&amp;id=788926252051190&amp;widgetName=sp_btf
price_tree &lt;span class="a-price" data-a-color="base" data-a-size="l"&gt;&lt;span class="a-offscreen"&gt;$11.99&lt;/span&gt;&lt;span aria-hidden="true"&gt;&lt;span class="a-price-symbol"&gt;$&lt;/span&gt;&lt;span class="a-price-whole"&gt;11&lt;span class="a-price-decimal"&gt;.&lt;/span&gt;&lt;/span&gt;&lt;span class="a-price-fraction"&gt;99&lt;/span&gt;&lt;/span&gt;&lt;/span&gt;
price 11.99
price_record 11.99
description Adjustable Cell Phone Stand, OMOTON C2 Aluminum Desktop Phone Holder Dock Compatible with iPhone 11 Pro Max Xs XR 8 Plus 7 6, Samsung Galaxy, Google Pixel, Android Phones, Silver
link /gp/slredirect/picassoRedirect.html/ref=pa_sp_btf_aps_sr_pg1_1?ie=UTF8&amp;adId=A08795833I269YAE0HKYM&amp;url=%2FAdjustable-OMOTON-Cellphone-Anti-Slip-Convenient%2Fdp%2FB0744DM3Y3%2Fref%3Dsr_1_21_sspa%3Fdchild%3D1%26keywords%3DiPhone%2B11%26qid%3D1605629032%26r%2B%2B%2B%2B%2Bef%3Dnb_sb_noss_2%26sr%3D8-21-spons%26psc%3D1%26smid%3DA3ND03GWIYM8UD&amp;qualifier=1605629032&amp;id=788926252051190&amp;widgetName=sp_btf
price_tree &lt;span class="a-price" data-a-color="base" data-a-size="l"&gt;&lt;span class="a-offscreen"&gt;$19.99&lt;/span&gt;&lt;span aria-hidden="true"&gt;&lt;span class="a-price-symbol"&gt;$&lt;/span&gt;&lt;span class="a-price-whole"&gt;19&lt;span class="a-price-decimal"&gt;.&lt;/span&gt;&lt;/span&gt;&lt;span class="a-price-fraction"&gt;99&lt;/span&gt;&lt;/span&gt;&lt;/span&gt;
price 19.99
price_record 19.99
description Nekteck 100W USB C Charger [GaN Tech &amp; USB-IF Certified], PD 3.0 Adapter with Foldable Plug, Support iPhone Fast Charging, Compatible with MacBook Air/Pro 13/ 16, iPad Air/Pro, Galaxy, iPhone 11/XS/XR
link /gp/slredirect/picassoRedirect.html/ref=pa_sp_btf_aps_sr_pg1_1?ie=UTF8&amp;adId=A0638906IAOPYD877I2U&amp;url=%2FNekteck-Certified-Foldable-Charging-Compatible%2Fdp%2FB089FC1TRF%2Fref%3Dsr_1_22_sspa%3Fdchild%3D1%26keywords%3DiPhone%2B11%26qid%3D1605629032%26r%2B%2B%2B%2B%2Bef%3Dnb_sb_noss_2%26sr%3D8-22-spons%26psc%3D1&amp;qualifier=1605629032&amp;id=788926252051190&amp;widgetName=sp_btf
price_tree &lt;span class="a-price" data-a-color="base" data-a-size="l"&gt;&lt;span class="a-offscreen"&gt;$57.51&lt;/span&gt;&lt;span aria-hidden="true"&gt;&lt;span class="a-price-symbol"&gt;$&lt;/span&gt;&lt;span class="a-price-whole"&gt;57&lt;span class="a-price-decimal"&gt;.&lt;/span&gt;&lt;/span&gt;&lt;span class="a-price-fraction"&gt;51&lt;/span&gt;&lt;/span&gt;&lt;/span&gt;
price 57.51
price_record 57.51
description LifeProof FRĒ SERIES Waterproof Case for iPhone 11 - CHALK IT UP (EVERGLADE/CHATEAU GRAY)
link /gp/slredirect/picassoRedirect.html/ref=pa_sp_atf_next_aps_sr_pg2_1?ie=UTF8&amp;adId=A03985193UD1X3HG6I17D&amp;url=%2FLifeProof-FR%25C4%2592-Waterproof-Case-iPhone%2Fdp%2FB07VV4LS3X%2Fref%3Dsr_1_17_sspa%3Fdchild%3D1%26keywords%3DiPhone%2B11%26qid%3D1605629034%26r%2B%2B%2B%2B%2Bef%3Dnb_sb_noss_2%26sr%3D8-17-spons%26psc%3D1&amp;qualifier=1605629034&amp;id=3293185972749896&amp;widgetName=sp_atf_next
price_tree &lt;span class="a-price" data-a-color="base" data-a-size="l"&gt;&lt;span class="a-offscreen"&gt;$6.66&lt;/span&gt;&lt;span aria-hidden="true"&gt;&lt;span class="a-price-symbol"&gt;$&lt;/span&gt;&lt;span class="a-price-whole"&gt;6&lt;span class="a-price-decimal"&gt;.&lt;/span&gt;&lt;/span&gt;&lt;span class="a-price-fraction"&gt;66&lt;/span&gt;&lt;/span&gt;&lt;/span&gt;
price 6.66
price_record 6.66
description Cricket Wireless 3-in-1 SIM Kit - Bring Your Own Phone - 2.0
link /gp/slredirect/picassoRedirect.html/ref=pa_sp_atf_next_aps_sr_pg2_1?ie=UTF8&amp;adId=A09354903LVJ38QKA76QS&amp;url=%2FCricket-BYOD-Wireless-SIM-Card%2Fdp%2FB0725R9NH1%2Fref%3Dsr_1_18_sspa%3Fdchild%3D1%26keywords%3DiPhone%2B11%26qid%3D1605629034%26r%2B%2B%2B%2B%2Bef%3Dnb_sb_noss_2%26sr%3D8-18-spons%26psc%3D1&amp;qualifier=1605629034&amp;id=3293185972749896&amp;widgetName=sp_atf_next
price_tree None
price_record 0
description Apple iPhone 11 [64GB, Purple] + Carrier Subscription [Cricket Wireless]
link /Apple-Carrier-Subscription-Cricket-Wireless/dp/B084GSMNRD/ref=sr_1_19?dchild=1&amp;keywords=iPhone+11&amp;qid=1605629034&amp;r+++++ef=nb_sb_noss_2&amp;sr=8-19
price_tree &lt;span class="a-price" data-a-color="base" data-a-size="l"&gt;&lt;span class="a-offscreen"&gt;$954.99&lt;/span&gt;&lt;span aria-hidden="true"&gt;&lt;span class="a-price-symbol"&gt;$&lt;/span&gt;&lt;span class="a-price-whole"&gt;954&lt;span class="a-price-decimal"&gt;.&lt;/span&gt;&lt;/span&gt;&lt;span class="a-price-fraction"&gt;99&lt;/span&gt;&lt;/span&gt;&lt;/span&gt;
price 954.9
price_record 954.9
description Apple iPhone 11 Pro Max, 64GB, Silver - Fully Unlocked (Renewed)
link /Apple-iPhone-Pro-64GB-Silver/dp/B07ZQS31HV/ref=sr_1_20?dchild=1&amp;keywords=iPhone+11&amp;qid=1605629034&amp;r+++++ef=nb_sb_noss_2&amp;sr=8-20
price_tree &lt;span class="a-price" data-a-color="base" data-a-size="l"&gt;&lt;span class="a-offscreen"&gt;$541.50&lt;/span&gt;&lt;span aria-hidden="true"&gt;&lt;span class="a-price-symbol"&gt;$&lt;/span&gt;&lt;span class="a-price-whole"&gt;541&lt;span class="a-price-decimal"&gt;.&lt;/span&gt;&lt;/span&gt;&lt;span class="a-price-fraction"&gt;50&lt;/span&gt;&lt;/span&gt;&lt;/span&gt;
price 541.5
price_record 541.5
description Apple iPhone XS Max, 64GB, Space Gray - Fully Unlocked (Renewed)
link /Apple-iPhone-XS-Max-Unlocked/dp/B07K8RNW7H/ref=sr_1_21?dchild=1&amp;keywords=iPhone+11&amp;qid=1605629034&amp;r+++++ef=nb_sb_noss_2&amp;sr=8-21
price_tree &lt;span class="a-price" data-a-color="base" data-a-size="l"&gt;&lt;span class="a-offscreen"&gt;$539.00&lt;/span&gt;&lt;span aria-hidden="true"&gt;&lt;span class="a-price-symbol"&gt;$&lt;/span&gt;&lt;span class="a-price-whole"&gt;539&lt;span class="a-price-decimal"&gt;.&lt;/span&gt;&lt;/span&gt;&lt;span class="a-price-fraction"&gt;00&lt;/span&gt;&lt;/span&gt;&lt;/span&gt;
price 539.0
price_record 539.0
description Apple iPhone XS, 256GB , Space Gray - Fully Unlocked (Renewed)
link /Apple-iPhone-Fully-Unlocked-256/dp/B07TJBCC7H/ref=sr_1_22?dchild=1&amp;keywords=iPhone+11&amp;qid=1605629034&amp;r+++++ef=nb_sb_noss_2&amp;sr=8-22
price_tree None
price_record 0
description Apple iPhone 8 Plus, 256GB, Gold - Fully Unlocked (Renewed)
link /Apple-iPhone-Fully-Unlocked-256GB/dp/B077568ZJ3/ref=sr_1_23?dchild=1&amp;keywords=iPhone+11&amp;qid=1605629034&amp;r+++++ef=nb_sb_noss_2&amp;sr=8-23
price_tree None
price_record 0
description Generic Goophone 11max OctaCore Factory Unlocked Cell Phone - International Version (Black)
link /Generic-Goophone-OctaCore-Factory-Unlocked/dp/B083GD6GBC/ref=sr_1_24?dchild=1&amp;keywords=iPhone+11&amp;qid=1605629034&amp;r+++++ef=nb_sb_noss_2&amp;sr=8-24
price_tree None
price_record 0
description 24K Gold Plated iPhone Xs 256 GB Silver - Unlocked Custom
link /24K-Gold-Plated-iPhone-Silver/dp/B078T2CZH5/ref=sr_1_25?dchild=1&amp;keywords=iPhone+11&amp;qid=1605629034&amp;r+++++ef=nb_sb_noss_2&amp;sr=8-25
price_tree None
price_record 0
description Apple iPhone XS Max, 256GB, Space Gray - For Verizon (Renewed)
link /Apple-iPhone-256GB-Space-Gray/dp/B07WDDKHS3/ref=sr_1_26?dchild=1&amp;keywords=iPhone+11&amp;qid=1605629034&amp;r+++++ef=nb_sb_noss_2&amp;sr=8-26
price_tree &lt;span class="a-price" data-a-color="base" data-a-size="l"&gt;&lt;span class="a-offscreen"&gt;$59.03&lt;/span&gt;&lt;span aria-hidden="true"&gt;&lt;span class="a-price-symbol"&gt;$&lt;/span&gt;&lt;span class="a-price-whole"&gt;59&lt;span class="a-price-decimal"&gt;.&lt;/span&gt;&lt;/span&gt;&lt;span class="a-price-fraction"&gt;03&lt;/span&gt;&lt;/span&gt;&lt;/span&gt;
price 59.03
price_record 59.03
description LifeProof FRĒ SERIES Waterproof Case for iPhone 11 Pro Max - FIRE SKY (BLUEBIRD/TANGERINE)
link /gp/slredirect/picassoRedirect.html/ref=pa_sp_mtf_aps_sr_pg2_1?ie=UTF8&amp;adId=A0827673266P2QA9AIGUC&amp;url=%2FLifeProof-FR%25C4%2592-Waterproof-Case-iPhone%2Fdp%2FB07VX8RJF8%2Fref%3Dsr_1_27_sspa%3Fdchild%3D1%26keywords%3DiPhone%2B11%26qid%3D1605629034%26r%2B%2B%2B%2B%2Bef%3Dnb_sb_noss_2%26sr%3D8-27-spons%26psc%3D1&amp;qualifier=1605629034&amp;id=3293185972749896&amp;widgetName=sp_mtf
price_tree &lt;span class="a-price" data-a-color="base" data-a-size="l"&gt;&lt;span class="a-offscreen"&gt;$16.99&lt;/span&gt;&lt;span aria-hidden="true"&gt;&lt;span class="a-price-symbol"&gt;$&lt;/span&gt;&lt;span class="a-price-whole"&gt;16&lt;span class="a-price-decimal"&gt;.&lt;/span&gt;&lt;/span&gt;&lt;span class="a-price-fraction"&gt;99&lt;/span&gt;&lt;/span&gt;&lt;/span&gt;
price 16.99
price_record 16.99
description STAPOW USB C Charger 20W for iPhone 12 iPhone 11, Mini Fast Wall Charger Foldable Type C Power Delivery Adapter for iPhone 12/12 Mini/12 Pro, 11/Pro/Pro Max/SE/XS Max/XS/XR, Galaxy S10, AirPods,etc
link /gp/slredirect/picassoRedirect.html/ref=pa_sp_mtf_aps_sr_pg2_1?ie=UTF8&amp;adId=A03886603GVQA1Z474GJ4&amp;url=%2FCharger-Foldable-Delivery-Adapter-AirPods%2Fdp%2FB08LNJXGT3%2Fref%3Dsr_1_28_sspa%3Fdchild%3D1%26keywords%3DiPhone%2B11%26qid%3D1605629034%26r%2B%2B%2B%2B%2Bef%3Dnb_sb_noss_2%26sr%3D8-28-spons%26psc%3D1&amp;qualifier=1605629034&amp;id=3293185972749896&amp;widgetName=sp_mtf
price_tree &lt;span class="a-price" data-a-color="base" data-a-size="l"&gt;&lt;span class="a-offscreen"&gt;$599.99&lt;/span&gt;&lt;span aria-hidden="true"&gt;&lt;span class="a-price-symbol"&gt;$&lt;/span&gt;&lt;span class="a-price-whole"&gt;599&lt;span class="a-price-decimal"&gt;.&lt;/span&gt;&lt;/span&gt;&lt;span class="a-price-fraction"&gt;99&lt;/span&gt;&lt;/span&gt;&lt;/span&gt;
price 599.9
price_record 599.9
description Samsung Galaxy S10 128GB+8GB RAM SM-G973F/DS Dual Sim 6.1" LTE Factory Unlocked Smartphone (International Model No Warranty) (Prism Green)
link /Samsung-SM-G973F-DS-Smartphone-International/dp/B07NZVRK97/ref=sr_1_29?dchild=1&amp;keywords=iPhone+11&amp;qid=1605629034&amp;r+++++ef=nb_sb_noss_2&amp;sr=8-29
price_tree &lt;span class="a-price" data-a-color="base" data-a-size="l"&gt;&lt;span class="a-offscreen"&gt;$269.99&lt;/span&gt;&lt;span aria-hidden="true"&gt;&lt;span class="a-price-symbol"&gt;$&lt;/span&gt;&lt;span class="a-price-whole"&gt;269&lt;span class="a-price-decimal"&gt;.&lt;/span&gt;&lt;/span&gt;&lt;span class="a-price-fraction"&gt;99&lt;/span&gt;&lt;/span&gt;&lt;/span&gt;
price 269.9
price_record 269.9
description Apple iPhone 8, 64GB, Silver - Fully Unlocked (Renewed)
link /Apple-iPhone-Fully-Unlocked-Refurbished/dp/B07756QYST/ref=sr_1_30?dchild=1&amp;keywords=iPhone+11&amp;qid=1605629034&amp;r+++++ef=nb_sb_noss_2&amp;sr=8-30
price_tree None
price_record 0
description Apple iPhone 8 Plus, GSM Unlocked, 256GB - Silver (Renewed)
link /Apple-iPhone-Plus-Unlocked-256GB/dp/B07758N3J2/ref=sr_1_31?dchild=1&amp;keywords=iPhone+11&amp;qid=1605629034&amp;r+++++ef=nb_sb_noss_2&amp;sr=8-31
price_tree None
price_record 0
description Generic Goophone 11max 512GB Cell Phone - International Version (Black)
link /Generic-Goophone-11max-512GB-Phone/dp/B07YLM1ZC9/ref=sr_1_32?dchild=1&amp;keywords=iPhone+11&amp;qid=1605629034&amp;r+++++ef=nb_sb_noss_2&amp;sr=8-32
price_tree &lt;span class="a-price" data-a-color="base" data-a-size="l"&gt;&lt;span class="a-offscreen"&gt;$1,099.99&lt;/span&gt;&lt;span aria-hidden="true"&gt;&lt;span class="a-price-symbol"&gt;$&lt;/span&gt;&lt;span class="a-price-whole"&gt;1,099&lt;span class="a-price-decimal"&gt;.&lt;/span&gt;&lt;/span&gt;&lt;span class="a-price-fraction"&gt;99&lt;/span&gt;&lt;/span&gt;&lt;/span&gt;
price 1,099
price_record 1,099
description Samsung Galaxy S10+ Factory Unlocked Android Cell Phone | US Version | 512GB of Storage | Fingerprint ID and Facial Recognition | Long-Lasting Battery | Ceramic Black (SM-G975UCKEXAA)
link /Samsung-Factory-Unlocked-Warranty-Ceramic/dp/B07N4M4K3Q/ref=sr_1_33?dchild=1&amp;keywords=iPhone+11&amp;qid=1605629034&amp;r+++++ef=nb_sb_noss_2&amp;sr=8-33
price_tree None
price_record 0
description Samsung Galaxy Note 10+, 256GB, Aura Blue - Fully Unlocked (Renewed)
link /Samsung-Factory-Unlocked-Warranty-Renewed/dp/B07Z43R78Y/ref=sr_1_34?dchild=1&amp;keywords=iPhone+11&amp;qid=1605629034&amp;r+++++ef=nb_sb_noss_2&amp;sr=8-34
price_tree None
price_record 0
description Generic Goophone 11max 512GB Factory Unlocked Cell Phone - International Version (Sliver)
link /Generic-Goophone-11max-Factory-Unlocked/dp/B083GCPNMR/ref=sr_1_35?dchild=1&amp;keywords=iPhone+11&amp;qid=1605629034&amp;r+++++ef=nb_sb_noss_2&amp;sr=8-35
price_tree None
price_record 0
description Generic Goophone 11max pro Factory Unlocked 512GB Cell Phone - International Version (Gold)
link /Generic-Goophone-11max-Factory-Unlocked/dp/B087G1KPCN/ref=sr_1_36?dchild=1&amp;keywords=iPhone+11&amp;qid=1605629034&amp;r+++++ef=nb_sb_noss_2&amp;sr=8-36
price_tree &lt;span class="a-price" data-a-color="base" data-a-size="l"&gt;&lt;span class="a-offscreen"&gt;$39.99&lt;/span&gt;&lt;span aria-hidden="true"&gt;&lt;span class="a-price-symbol"&gt;$&lt;/span&gt;&lt;span class="a-price-whole"&gt;39&lt;span class="a-price-decimal"&gt;.&lt;/span&gt;&lt;/span&gt;&lt;span class="a-price-fraction"&gt;99&lt;/span&gt;&lt;/span&gt;&lt;/span&gt;
price 39.99
price_record 39.99
description Incipio Stashback 2.0 Compatible with Apple iPhone 11 - Black
link /gp/slredirect/picassoRedirect.html/ref=pa_sp_btf_aps_sr_pg2_1?ie=UTF8&amp;adId=A01433061644NJUSHZHED&amp;url=%2FIncipio-Stashback-Wallet-iPhone-Compartment%2Fdp%2FB07XFGFP23%2Fref%3Dsr_1_37_sspa%3Fdchild%3D1%26keywords%3DiPhone%2B11%26qid%3D1605629034%26r%2B%2B%2B%2B%2Bef%3Dnb_sb_noss_2%26sr%3D8-37-spons%26psc%3D1&amp;qualifier=1605629034&amp;id=3293185972749896&amp;widgetName=sp_btf
price_tree &lt;span class="a-price" data-a-color="base" data-a-size="l"&gt;&lt;span class="a-offscreen"&gt;$8.99&lt;/span&gt;&lt;span aria-hidden="true"&gt;&lt;span class="a-price-symbol"&gt;$&lt;/span&gt;&lt;span class="a-price-whole"&gt;8&lt;span class="a-price-decimal"&gt;.&lt;/span&gt;&lt;/span&gt;&lt;span class="a-price-fraction"&gt;99&lt;/span&gt;&lt;/span&gt;&lt;/span&gt;
price 8.99
price_record 8.99
description 3-pack Screen Protector for iPhone 11 &amp; iPhone XR [ iphone 11], [iphone xr], Screen Protector''
link /gp/slredirect/picassoRedirect.html/ref=pa_sp_btf_aps_sr_pg2_1?ie=UTF8&amp;adId=A012678225O1W0GVSRETC&amp;url=%2F3-pack-Screen-Protector-iPhone-iphone%2Fdp%2FB08D8VQJH4%2Fref%3Dsr_1_38_sspa%3Fdchild%3D1%26keywords%3DiPhone%2B11%26qid%3D1605629034%26r%2B%2B%2B%2B%2Bef%3Dnb_sb_noss_2%26sr%3D8-38-spons%26psc%3D1&amp;qualifier=1605629034&amp;id=3293185972749896&amp;widgetName=sp_btf</msg>
<status status="PASS" starttime="20201118 00:03:49.065" endtime="20201118 00:03:56.955"></status>
</kw>
<kw name="Then user save the record for Amazon" library="testcase_keywords">
<msg timestamp="20201118 00:03:57.283" level="INFO">price ['58.48', '383.0', '689.9', '799.9', '444.9', '0', '999.9', '729.8', '0', '0', '0', '58.53', '19.99', '809.9', '0', '0', '0', '0', '849.9', '8.99', '11.99', '19.99', '57.51', '6.66', '0', '954.9', '541.5', '539.0', '0', '0', '0', '0', '59.03', '16.99', '599.9', '269.9', '0', '0', '1,099', '0', '0', '0', '39.99', '8.99']
description ['LifeProof FRĒ SERIES Waterproof Case for iPhone 11 - FIRE SKY (BLUEBIRD/TANGERINE)', 'Apple iPhone XR, 64GB, Coral - Fully Unlocked (Renewed)', 'Apple iPhone 11, 256GB, Unlocked - Green (Renewed)', 'OnePlus 8 Pro Onyx Black,\u200b 5G Unlocked Android Smartphone U.S Version, 12GB RAM+256GB Storage, 120Hz Fluid Display,Quad Camera, Wireless Charge, with Alexa Built-in', 'Apple iPhone X, 256GB, Silver - Fully Unlocked (Renewed)', 'New Apple iPhone 12 (256GB, Blue) [Locked] + Carrier Subscription', 'Samsung Galaxy S20 5G Factory Unlocked New Android Cell Phone US Version, 128GB of Storage, Fingerprint ID and Facial Recognition, Long-Lasting Battery, Cloud Blue', 'Google Pixel 4 XL - Clearly White - 64GB - Unlocked', 'Apple iPhone 11 Pro [64GB, Space Gray] + Carrier Subscription [Cricket Wireless]', 'New Apple iPhone 12 Pro (256GB, Gold) [Locked] + Carrier Subscription', 'Apple iPhone 11 Pro Max [64GB, Space Gray] + Carrier Subscription [Cricket Wireless]', 'LifeProof FRĒ SERIES Waterproof Case for iPhone 11 Pro Max - CHALK IT UP (EVERGLADE/CHATEAU GRAY)', 'Cell Phone Stand, UXD Adjustable Phone Stand for Desk, Foldable Tablet Stand Holder for iPhone 12 Pro Max / 12 Mini / 11 SE X XS Samsung Galaxy S20+ S20 S10+ S10 iPad Pro/Air/Mini (Black)', 'Apple iPhone 11 Pro, 64GB, Gold - for T-Mobile (Renewed)', 'ASUS ROG Phone 2 (New) Unlocked GSM US Version &amp; Warranty, 512GB Storage, 12GB RAM, 6.6” FHD+ AMOLED 120Hz Display, Snapdragon 855 Plus, No Volte, Gaming Smartphone (ZS660KL-S855P-12G512G-BK) (512GB)', 'Apple iPhone 8 Plus [64GB, Silver] + Carrier Subscription [Cricket Wireless]', 'Apple iPhone XS Max [256GB, Space Gray] + Carrier Subscription [Cricket Wireless]', 'Apple iPhone XR [64GB, (PRODUCT)RED] + Carrier Subscription [Cricket Wireless]', 'Apple iPhone 11 Pro, 64GB, Midnight Green - Fully Unlocked (Renewed)', 'LLARIMIN (2Pack) for iPhone Headphone Adapter to 3.5 mm Headphone Jack Converter for iPhone Se/11/7/7Plus/ 8/8Plus/X/10/XR Dongle for iPhone Earphone Audio Aux Adapter for iPhone Connector Adapter', 'Adjustable Cell Phone Stand, OMOTON C2 Aluminum Desktop Phone Holder Dock Compatible with iPhone 11 Pro Max Xs XR 8 Plus 7 6, Samsung Galaxy, Google Pixel, Android Phones, Silver', 'Nekteck 100W USB C Charger [GaN Tech &amp; USB-IF Certified], PD 3.0 Adapter with Foldable Plug, Support iPhone Fast Charging, Compatible with MacBook Air/Pro 13/ 16, iPad Air/Pro, Galaxy, iPhone 11/XS/XR', 'LifeProof FRĒ SERIES Waterproof Case for iPhone 11 - CHALK IT UP (EVERGLADE/CHATEAU GRAY)', 'Cricket Wireless 3-in-1 SIM Kit - Bring Your Own Phone - 2.0', 'Apple iPhone 11 [64GB, Purple] + Carrier Subscription [Cricket Wireless]', 'Apple iPhone 11 Pro Max, 64GB, Silver - Fully Unlocked (Renewed)', 'Apple iPhone XS Max, 64GB, Space Gray - Fully Unlocked (Renewed)', 'Apple iPhone XS, 256GB , Space Gray - Fully Unlocked (Renewed)', 'Apple iPhone 8 Plus, 256GB, Gold - Fully Unlocked (Renewed)', 'Generic Goophone 11max OctaCore Factory Unlocked Cell Phone - International Version (Black)', '24K Gold Plated iPhone Xs 256 GB Silver - Unlocked Custom', 'Apple iPhone XS Max, 256GB, Space Gray - For Verizon (Renewed)', 'LifeProof FRĒ SERIES Waterproof Case for iPhone 11 Pro Max - FIRE SKY (BLUEBIRD/TANGERINE)', 'STAPOW USB C Charger 20W for iPhone 12 iPhone 11, Mini Fast Wall Charger Foldable Type C Power Delivery Adapter for iPhone 12/12 Mini/12 Pro, 11/Pro/Pro Max/SE/XS Max/XS/XR, Galaxy S10, AirPods,etc', 'Samsung Galaxy S10 128GB+8GB RAM SM-G973F/DS Dual Sim 6.1" LTE Factory Unlocked Smartphone (International Model No Warranty) (Prism Green)', 'Apple iPhone 8, 64GB, Silver - Fully Unlocked (Renewed)', 'Apple iPhone 8 Plus, GSM Unlocked, 256GB - Silver (Renewed)', 'Generic Goophone 11max 512GB Cell Phone - International Version (Black)', 'Samsung Galaxy S10+\xa0Factory Unlocked Android Cell Phone | US Version | 512GB of Storage | Fingerprint ID and Facial Recognition | Long-Lasting Battery | Ceramic Black (SM-G975UCKEXAA)', 'Samsung Galaxy Note 10+, 256GB, Aura Blue - Fully Unlocked (Renewed)', 'Generic Goophone 11max 512GB Factory Unlocked Cell Phone - International Version (Sliver)', 'Generic Goophone 11max pro Factory Unlocked 512GB Cell Phone - International Version (Gold)', 'Incipio Stashback 2.0 Compatible with Apple iPhone 11 - Black', "3-pack Screen Protector for iPhone 11 &amp; iPhone XR [ iphone 11], [iphone xr], Screen Protector''"]
data_record1 Empty DataFrame
Columns: [ItemName, Price, Link, Platform]
Index: []</msg>
<status status="PASS" starttime="20201118 00:03:56.956" endtime="20201118 00:03:57.283"></status>
</kw>
<kw name="When user open the eBay and search iPhone 11" library="testcase_keywords">
<msg timestamp="20201118 00:04:06.339" level="INFO">results [&lt;li class="s-item"&gt;&lt;div style="display:inline;"&gt;&lt;div class="s-item__title--tagblock"&gt;&lt;span role="text"&gt;&lt;span class="s-8fc7xs0"&gt;7&lt;/span&gt;&lt;span class="s-as0fzw"&gt;S&lt;/span&gt;&lt;span class="s-8fc7xs0"&gt;0&lt;/span&gt;&lt;span class="s-as0fzw"&gt;P&lt;/span&gt;&lt;span class="s-as0fzw"&gt;O&lt;/span&gt;&lt;span class="s-as0fzw"&gt;N&lt;/span&gt;&lt;span class="s-as0fzw"&gt;S&lt;/span&gt;&lt;span class="s-as0fzw"&gt;O&lt;/span&gt;&lt;span class="s-8fc7xs0"&gt;A&lt;/span&gt;&lt;span class="s-as0fzw"&gt;R&lt;/span&gt;&lt;span class="s-8fc7xs0"&gt;P&lt;/span&gt;&lt;span class="s-8fc7xs0"&gt;A&lt;/span&gt;&lt;span class="s-8fc7xs0"&gt;7&lt;/span&gt;&lt;span class="s-8fc7xs0"&gt;E&lt;/span&gt;&lt;span class="s-as0fzw"&gt;E&lt;/span&gt;&lt;span class="s-as0fzw"&gt;D&lt;/span&gt;&lt;span class="s-8fc7xs0"&gt;-1&lt;/span&gt;&lt;span class="s-8fc7xs0"&gt;-1&lt;/span&gt;&lt;span class="s-8fc7xs0"&gt;U&lt;/span&gt;&lt;span class="s-8fc7xs0"&gt;J&lt;/span&gt;&lt;span class="s-8fc7xs0"&gt;-1&lt;/span&gt;&lt;span class="s-8fc7xs0"&gt;0&lt;/span&gt;&lt;span class="s-8fc7xs0"&gt;F&lt;/span&gt;&lt;span class="s-8fc7xs0"&gt;J&lt;/span&gt;&lt;span class="s-8fc7xs0"&gt;-1&lt;/span&gt;&lt;span class="s-8fc7xs0"&gt;-1&lt;/span&gt;&lt;span class="s-8fc7xs0"&gt; &lt;/span&gt;&lt;span class="s-8fc7xs0"&gt; &lt;/span&gt;&lt;/span&gt;&lt;/div&gt;&lt;/div&gt;&lt;/li&gt;, &lt;li class="s-item" data-view="mi:1686|iid:1"&gt;&lt;div class="s-item__wrapper clearfix"&gt;&lt;div class="s-item__image-section"&gt;&lt;div class="s-item__image"&gt;&lt;a _sp="p2351460.m1686.l7400" aria-hidden="true" data-track='{"eventFamily":"LST","eventAction":"ACTN","actionKind":"NAVSRC","actionKinds":["NAVSRC"],"operationId":"2351460","flushImmediately":false,"eventProperty":{"moduledtl":"mi:1686|iid:1|li:7400|luid:1|scen:Listings","parentrq":"d6f2db5d1750a69c3220787affecb120","pageci":"8220d839-28ee-11eb-96b2-d28ecbef433d"}}' href="https://www.ebay.com.my/itm/iPhone-11-Casing/193471532646?hash=item2d0bcd4e66:g:U-cAAOSwT0lewqa3" tabindex="-1"&gt;&lt;div class="s-item__image-wrapper"&gt;&lt;div class="s-item__image-helper"&gt;&lt;/div&gt;&lt;img alt="iPhone 11 Casing" class="s-item__image-img" data-atftimer="1605629042503" loading="eager" onerror="window.SRP.metrics.imageLoadError.count++; " onload='SITE_SPEED.ATF_TIMER.measure(this); if (performance &amp;amp;&amp;amp; performance.mark) { performance.mark("first-meaningful-paint"); };if(this.width === 80 &amp;amp;&amp;amp; this.height === 80) {window.SRP.metrics.imageEmptyError.count++;}' src="https://i.ebayimg.com/thumbs/images/g/U-cAAOSwT0lewqa3/s-l225.webp"/&gt;&lt;/div&gt;&lt;/a&gt;&lt;/div&gt;&lt;/div&gt;&lt;div class="s-item__info clearfix"&gt;&lt;div class="s-item__title-hotness"&gt;&lt;/div&gt;&lt;a _sp="p2351460.m1686.l7400" class="s-item__link" data-track='{"eventFamily":"LST","eventAction":"ACTN","actionKind":"NAVSRC","actionKinds":["NAVSRC"],"operationId":"2351460","flushImmediately":false,"eventProperty":{"moduledtl":"mi:1686|iid:1|li:7400|luid:1|scen:Listings","parentrq":"d6f2db5d1750a69c3220787affecb120","pageci":"8220d839-28ee-11eb-96b2-d28ecbef433d"}}' href="https://www.ebay.com.my/itm/iPhone-11-Casing/193471532646?hash=item2d0bcd4e66:g:U-cAAOSwT0lewqa3"&gt;&lt;h3 class="s-item__title"&gt;iPhone 11 Casing&lt;/h3&gt;&lt;/a&gt;&lt;div class="s-item__subtitle"&gt;&lt;span class="SECONDARY_INFO"&gt;Brand New&lt;/span&gt;&lt;/div&gt;&lt;div class="s-item__details clearfix"&gt;&lt;div class="s-item__detail s-item__detail--primary"&gt;&lt;span class="s-item__price"&gt;RM 16.00&lt;/span&gt;&lt;/div&gt;&lt;span class="s-item__detail s-item__detail--secondary"&gt;&lt;span class="s-item__location s-item__itemLocation"&gt;From Malaysia&lt;/span&gt;&lt;/span&gt;&lt;div class="s-item__detail s-item__detail--primary"&gt;&lt;span aria-label="" class="s-item__purchase-options-with-icon"&gt;Buy It Now&lt;/span&gt;&lt;/div&gt;&lt;div class="s-item__detail s-item__detail--primary"&gt;&lt;span class="s-item__shipping s-item__logisticsCost"&gt;+RM 2.00 postage&lt;/span&gt;&lt;/div&gt;&lt;/div&gt;&lt;/div&gt;&lt;/div&gt;&lt;/li&gt;, &lt;li class="s-item" data-view="mi:1686|iid:2"&gt;&lt;div class="s-item__wrapper clearfix"&gt;&lt;div class="s-item__image-section"&gt;&lt;div class="s-item__image"&gt;&lt;a _sp="p2351460.m1686.l8340" aria-hidden="true" data-track='{"eventFamily":"LST","eventAction":"ACTN","actionKind":"NAVSRC","actionKinds":["NAVSRC"],"operationId":"2351460","flushImmediately":false,"eventProperty":{"moduledtl":"mi:1686|iid:2|li:8340|luid:1|scen:Listings","parentrq":"d6f2db5d1750a69c3220787affecb120","pageci":"8220d839-28ee-11eb-96b2-d28ecbef433d"}}' href="https://www.ebay.com.my/itm/iPhone-11-128G-A-Black-White-Unlock/293687640600?hash=item446125c218:g:k5IAAOSwSiVeyiXj" tabindex="-1"&gt;&lt;div class="s-item__image-wrapper"&gt;&lt;div class="s-item__image-helper"&gt;&lt;/div&gt;&lt;img alt="iPhone 11 128G A+ Black/White [Unlock]" class="s-item__image-img" data-atftimer="1605629042535" loading="eager" onerror="window.SRP.metrics.imageLoadError.count++; " onload="SITE_SPEED.ATF_TIMER.measure(this);;if(this.width === 80 &amp;amp;&amp;amp; this.height === 80) {window.SRP.metrics.imageEmptyError.count++;}" src="https://i.ebayimg.com/thumbs/images/g/k5IAAOSwSiVeyiXj/s-l225.webp"/&gt;&lt;/div&gt;&lt;/a&gt;&lt;/div&gt;&lt;/div&gt;&lt;div class="s-item__info clearfix"&gt;&lt;div class="s-item__title-hotness"&gt;&lt;/div&gt;&lt;a _sp="p2351460.m1686.l8340" class="s-item__link" data-track='{"eventFamily":"LST","eventAction":"ACTN","actionKind":"NAVSRC","actionKinds":["NAVSRC"],"operationId":"2351460","flushImmediately":false,"eventProperty":{"moduledtl":"mi:1686|iid:2|li:8340|luid:1|scen:Listings","parentrq":"d6f2db5d1750a69c3220787affecb120","pageci":"8220d839-28ee-11eb-96b2-d28ecbef433d"}}' href="https://www.ebay.com.my/itm/iPhone-11-128G-A-Black-White-Unlock/293687640600?hash=item446125c218:g:k5IAAOSwSiVeyiXj"&gt;&lt;h3 class="s-item__title"&gt;iPhone 11 128G A+ Black/White [Unlock]&lt;/h3&gt;&lt;/a&gt;&lt;div class="s-item__subtitle"&gt;&lt;span class="SECONDARY_INFO"&gt;New (Other)&lt;/span&gt;&lt;/div&gt;&lt;div class="s-item__details clearfix"&gt;&lt;div class="s-item__detail s-item__detail--primary"&gt;&lt;span class="s-item__price"&gt;&lt;span class="ITALIC"&gt;RM 2,123.68&lt;/span&gt;&lt;/span&gt;&lt;/div&gt;&lt;span class="s-item__detail s-item__detail--secondary"&gt;&lt;span class="s-item__location s-item__itemLocation"&gt;From Hong Kong&lt;/span&gt;&lt;/span&gt;&lt;div class="s-item__detail s-item__detail--primary"&gt;&lt;span aria-label="" class="s-item__purchase-options-with-icon"&gt;Buy It Now&lt;/span&gt;&lt;/div&gt;&lt;div class="s-item__detail s-item__detail--primary"&gt;&lt;span class="s-item__shipping s-item__logisticsCost"&gt;&lt;span class="ITALIC"&gt;+RM 106.18 postage&lt;/span&gt;&lt;/span&gt;&lt;/div&gt;&lt;div class="s-item__detail s-item__detail--primary"&gt;&lt;span aria-label="" class="s-item__hotness s-item__itemHotness"&gt;&lt;span class="BOLD NEGATIVE"&gt;9 watchers&lt;/span&gt;&lt;/span&gt;&lt;/div&gt;&lt;/div&gt;&lt;/div&gt;&lt;/div&gt;&lt;/li&gt;, &lt;li class="s-item" data-view="mi:1686|iid:3"&gt;&lt;div class="s-item__wrapper clearfix"&gt;&lt;div class="s-item__image-section"&gt;&lt;div class="s-item__image"&gt;&lt;a _sp="p2351460.m1686.l8340" aria-hidden="true" data-track='{"eventFamily":"LST","eventAction":"ACTN","actionKind":"NAVSRC","actionKinds":["NAVSRC"],"operationId":"2351460","flushImmediately":false,"eventProperty":{"moduledtl":"mi:1686|iid:3|li:8340|luid:1|scen:Listings","parentrq":"d6f2db5d1750a69c3220787affecb120","pageci":"8220d839-28ee-11eb-96b2-d28ecbef433d"}}' href="https://www.ebay.com.my/itm/Apple-iPhone-11-Pro-Max-256GB-Nachtgrun-T-Mobile-A2218-CDMA-GSM/373343991025?hash=item56ed0934f1:g:cVwAAOSwTSdfjw8r" tabindex="-1"&gt;&lt;div class="s-item__image-wrapper"&gt;&lt;div class="s-item__image-helper"&gt;&lt;/div&gt;&lt;img alt="Apple iPhone 11 Pro Max - 256GB - Nachtgrün (T-Mobile) A2218 (CDMA + GSM)" class="s-item__image-img" data-atftimer="1605629042578" loading="eager" onerror="window.SRP.metrics.imageLoadError.count++; " onload="SITE_SPEED.ATF_TIMER.measure(this);;if(this.width === 80 &amp;amp;&amp;amp; this.height === 80) {window.SRP.metrics.imageEmptyError.count++;}" src="https://i.ebayimg.com/thumbs/images/g/cVwAAOSwTSdfjw8r/s-l225.webp"/&gt;&lt;/div&gt;&lt;/a&gt;&lt;a aria-label="Open product gallery Apple iPhone 11 Pro Max - 256GB - Nachtgrün (T-Mobile) A2218 (CDMA + GSM)" class="s-item__gallery-plus lens-item s-item__gallery-plus--v0 lens-zoom" data-id="373343991025" data-reco="false" data-sid="p2351460.m4114.galleryPlus" href=""&gt;&lt;svg class="srp-ds6-icon-magnify" xmlns="http://www.w3.org/2000/svg" xmlns:xlink="http://www.w3.org/1999/xlink"&gt;&lt;use xlink:href="#srp-ds6-icon-magnify"&gt;&lt;/use&gt;&lt;/svg&gt;&lt;/a&gt;&lt;/div&gt;&lt;/div&gt;&lt;div class="s-item__info clearfix"&gt;&lt;div class="s-item__title-hotness"&gt;&lt;/div&gt;&lt;a _sp="p2351460.m1686.l8340" class="s-item__link" data-track='{"eventFamily":"LST","eventAction":"ACTN","actionKind":"NAVSRC","actionKinds":["NAVSRC"],"operationId":"2351460","flushImmediately":false,"eventProperty":{"moduledtl":"mi:1686|iid:3|li:8340|luid:1|scen:Listings","parentrq":"d6f2db5d1750a69c3220787affecb120","pageci":"8220d839-28ee-11eb-96b2-d28ecbef433d"}}' href="https://www.ebay.com.my/itm/Apple-iPhone-11-Pro-Max-256GB-Nachtgrun-T-Mobile-A2218-CDMA-GSM/373343991025?hash=item56ed0934f1:g:cVwAAOSwTSdfjw8r"&gt;&lt;h3 class="s-item__title"&gt;&lt;span class="LIGHT_HIGHLIGHT"&gt;New Listing&lt;/span&gt;Apple iPhone 11 Pro Max - 256GB - Nachtgrün (T-Mobile) A2218 (CDMA + GSM)&lt;/h3&gt;&lt;/a&gt;&lt;div class="s-item__subtitle"&gt;&lt;span class="SECONDARY_INFO"&gt;Pre-Owned&lt;/span&gt;&lt;/div&gt;&lt;div class="s-item__details clearfix"&gt;&lt;div class="s-item__detail s-item__detail--primary"&gt;&lt;span class="s-item__price"&gt;&lt;span class="ITALIC"&gt;RM 545.22&lt;/span&gt;&lt;/span&gt;&lt;/div&gt;&lt;span class="s-item__detail s-item__detail--secondary"&gt;&lt;span class="s-item__time" data-has-widget="true" id="s0-14-11-6-3-listing3-item-1-1-15[0[1[0]]]-2-0"&gt;&lt;span class="clipped"&gt;Time left&lt;/span&gt;&lt;span class="s-item__time-left"&gt;2d 6h left&lt;/span&gt; &lt;span class="s-item__time-end"&gt;(Fri, 06:18 AM)&lt;/span&gt;&lt;/span&gt;&lt;/span&gt;&lt;div class="s-item__detail s-item__detail--primary"&gt;&lt;span class="s-item__bids s-item__bidCount"&gt;0 bids&lt;/span&gt;&lt;/div&gt;&lt;span class="s-item__detail s-item__detail--secondary"&gt;&lt;span class="s-item__location s-item__itemLocation"&gt;From Poland&lt;/span&gt;&lt;/span&gt;&lt;div class="s-item__detail s-item__detail--primary"&gt;&lt;span class="s-item__price"&gt;&lt;span class="ITALIC"&gt;RM 2,180.87&lt;/span&gt;&lt;/span&gt;&lt;/div&gt;&lt;div class="s-item__detail s-item__detail--primary"&gt;&lt;span class="s-item__dynamic s-item__buyItNowOption"&gt;Buy It Now&lt;/span&gt;&lt;/div&gt;&lt;div class="s-item__detail s-item__detail--primary"&gt;&lt;span class="s-item__shipping s-item__logisticsCost"&gt;&lt;span class="ITALIC"&gt;+RM 109.04 postage&lt;/span&gt;&lt;/span&gt;&lt;/div&gt;&lt;/div&gt;&lt;/div&gt;&lt;/div&gt;&lt;/li&gt;, &lt;li class="s-item" data-view="mi:1686|iid:4"&gt;&lt;div class="s-item__wrapper clearfix"&gt;&lt;div class="s-item__image-section"&gt;&lt;div class="s-item__image"&gt;&lt;a _sp="p2351460.m1686.l8340" aria-hidden="true" data-track='{"eventFamily":"LST","eventAction":"ACTN","actionKind":"NAVSRC","actionKinds":["NAVSRC"],"operationId":"2351460","flushImmediately":false,"eventProperty":{"moduledtl":"mi:1686|iid:4|li:8340|luid:1|scen:Listings","parentrq":"d6f2db5d1750a69c3220787affecb120","pageci":"8220d839-28ee-11eb-96b2-d28ecbef433d"}}' href="https://www.ebay.com.my/itm/Apple-iPhone-11-Pro-256GB-Nachtgrun-Ohne-Simlock/224235694419?hash=item34357d2953:g:bu8AAOSw1rJfsU7r" tabindex="-1"&gt;&lt;div class="s-item__image-wrapper"&gt;&lt;div class="s-item__image-helper"&gt;&lt;/div&gt;&lt;img alt="Apple iPhone 11 Pro - 256GB - Nachtgrün (Ohne Simlock) " class="s-item__image-img" data-atftimer="1605629042609" loading="eager" onerror="window.SRP.metrics.imageLoadError.count++; " onload="SITE_SPEED.ATF_TIMER.measure(this);;if(this.width === 80 &amp;amp;&amp;amp; this.height === 80) {window.SRP.metrics.imageEmptyError.count++;}" src="https://i.ebayimg.com/thumbs/images/g/bu8AAOSw1rJfsU7r/s-l225.webp"/&gt;&lt;/div&gt;&lt;/a&gt;&lt;a aria-label="Open product gallery Apple iPhone 11 Pro - 256GB - Nachtgrün (Ohne Simlock)" class="s-item__gallery-plus lens-item s-item__gallery-plus--v0 lens-zoom" data-id="224235694419" data-reco="false" data-sid="p2351460.m4114.galleryPlus" href=""&gt;&lt;svg class="srp-ds6-icon-magnify" xmlns="http://www.w3.org/2000/svg" xmlns:xlink="http://www.w3.org/1999/xlink"&gt;&lt;use xlink:href="#srp-ds6-icon-magnify"&gt;&lt;/use&gt;&lt;/svg&gt;&lt;/a&gt;&lt;/div&gt;&lt;/div&gt;&lt;div class="s-item__info clearfix"&gt;&lt;div class="s-item__title-hotness"&gt;&lt;/div&gt;&lt;a _sp="p2351460.m1686.l8340" class="s-item__link" data-track='{"eventFamily":"LST","eventAction":"ACTN","actionKind":"NAVSRC","actionKinds":["NAVSRC"],"operationId":"2351460","flushImmediately":false,"eventProperty":{"moduledtl":"mi:1686|iid:4|li:8340|luid:1|scen:Listings","parentrq":"d6f2db5d1750a69c3220787affecb120","pageci":"8220d839-28ee-11eb-96b2-d28ecbef433d"}}' href="https://www.ebay.com.my/itm/Apple-iPhone-11-Pro-256GB-Nachtgrun-Ohne-Simlock/224235694419?hash=item34357d2953:g:bu8AAOSw1rJfsU7r"&gt;&lt;h3 class="s-item__title"&gt;Apple iPhone 11 Pro - 256GB - Nachtgrün (Ohne Simlock) &lt;/h3&gt;&lt;/a&gt;&lt;div class="s-item__subtitle"&gt;&lt;span class="SECONDARY_INFO"&gt;New (Other)&lt;/span&gt;&lt;/div&gt;&lt;div class="s-item__details clearfix"&gt;&lt;div class="s-item__detail s-item__detail--primary"&gt;&lt;span class="s-item__price"&gt;&lt;span class="ITALIC"&gt;RM 1,848.28&lt;/span&gt;&lt;/span&gt;&lt;/div&gt;&lt;span class="s-item__detail s-item__detail--secondary"&gt;&lt;span class="s-item__time" data-has-widget="true" id="s0-14-11-6-3-listing4-item-1-1-15[0[1[0]]]-2-0"&gt;&lt;span class="clipped"&gt;Time left&lt;/span&gt;&lt;span class="s-item__time-left"&gt;7d 23h left&lt;/span&gt; &lt;span class="s-item__time-end"&gt;(11/25, 11:55 PM)&lt;/span&gt;&lt;/span&gt;&lt;/span&gt;&lt;div class="s-item__detail s-item__detail--primary"&gt;&lt;span class="s-item__bids s-item__bidCount"&gt;45 bids&lt;/span&gt;&lt;/div&gt;&lt;span class="s-item__detail s-item__detail--secondary"&gt;&lt;span class="s-item__location s-item__itemLocation"&gt;From Austria&lt;/span&gt;&lt;/span&gt;&lt;div class="s-item__detail s-item__detail--primary"&gt;&lt;span class="s-item__shipping s-item__logisticsCost"&gt;&lt;span class="ITALIC"&gt;+RM 96.96 postage&lt;/span&gt;&lt;/span&gt;&lt;/div&gt;&lt;/div&gt;&lt;/div&gt;&lt;/div&gt;&lt;/li&gt;, &lt;li class="s-item" data-view="mi:1686|iid:5"&gt;&lt;div class="s-item__wrapper clearfix"&gt;&lt;div class="s-item__image-section"&gt;&lt;div class="s-item__image"&gt;&lt;a _sp="p2351460.m1686.l8340" aria-hidden="true" data-track='{"eventFamily":"LST","eventAction":"ACTN","actionKind":"NAVSRC","actionKinds":["NAVSRC"],"operationId":"2351460","flushImmediately":false,"eventProperty":{"moduledtl":"mi:1686|iid:5|li:8340|luid:1|scen:Listings","parentrq":"d6f2db5d1750a69c3220787affecb120","pageci":"8220d839-28ee-11eb-96b2-d28ecbef433d"}}' href="https://www.ebay.com.my/itm/Apple-iPhone-11-Pro-256GB-Space-Grau-Ohne-Simlock-unbenutzt-OVP/154198808749?hash=item23e6f718ad:g:o18AAOSwuklfs6bO" tabindex="-1"&gt;&lt;div class="s-item__image-wrapper"&gt;&lt;div class="s-item__image-helper"&gt;&lt;/div&gt;&lt;img alt="Apple iPhone 11 Pro - 256GB - Space Grau (Ohne Simlock) unbenutzt- OVP" class="s-item__image-img" loading="eager" onerror="window.SRP.metrics.imageLoadError.count++; " onload=";if(this.width === 80 &amp;amp;&amp;amp; this.height === 80) {window.SRP.metrics.imageEmptyError.count++;}" src="https://i.ebayimg.com/thumbs/images/g/o18AAOSwuklfs6bO/s-l225.webp"/&gt;&lt;/div&gt;&lt;/a&gt;&lt;/div&gt;&lt;/div&gt;&lt;div class="s-item__info clearfix"&gt;&lt;div class="s-item__title-hotness"&gt;&lt;/div&gt;&lt;a _sp="p2351460.m1686.l8340" class="s-item__link" data-track='{"eventFamily":"LST","eventAction":"ACTN","actionKind":"NAVSRC","actionKinds":["NAVSRC"],"operationId":"2351460","flushImmediately":false,"eventProperty":{"moduledtl":"mi:1686|iid:5|li:8340|luid:1|scen:Listings","parentrq":"d6f2db5d1750a69c3220787affecb120","pageci":"8220d839-28ee-11eb-96b2-d28ecbef433d"}}' href="https://www.ebay.com.my/itm/Apple-iPhone-11-Pro-256GB-Space-Grau-Ohne-Simlock-unbenutzt-OVP/154198808749?hash=item23e6f718ad:g:o18AAOSwuklfs6bO"&gt;&lt;h3 class="s-item__title"&gt;&lt;span class="LIGHT_HIGHLIGHT"&gt;New Listing&lt;/span&gt;Apple iPhone 11 Pro - 256GB - Space Grau (Ohne Simlock) unbenutzt- OVP&lt;/h3&gt;&lt;/a&gt;&lt;div class="s-item__subtitle"&gt;&lt;span class="SECONDARY_INFO"&gt;Pre-Owned&lt;/span&gt;&lt;/div&gt;&lt;div class="s-item__details clearfix"&gt;&lt;div class="s-item__detail s-item__detail--primary"&gt;&lt;span class="s-item__price"&gt;&lt;span class="ITALIC"&gt;RM 1,593.30&lt;/span&gt;&lt;/span&gt;&lt;/div&gt;&lt;span class="s-item__detail s-item__detail--secondary"&gt;&lt;span class="s-item__time" data-has-widget="true" id="s0-14-11-6-3-listing5-item-1-1-15[0[1[0]]]-2-0"&gt;&lt;span class="clipped"&gt;Time left&lt;/span&gt;&lt;span class="s-item__time-left"&gt;9d 18h left&lt;/span&gt; &lt;span class="s-item__time-end"&gt;(11/27, 06:34 PM)&lt;/span&gt;&lt;/span&gt;&lt;/span&gt;&lt;div class="s-item__detail s-item__detail--primary"&gt;&lt;span class="s-item__bids s-item__bidCount"&gt;3 bids&lt;/span&gt;&lt;/div&gt;&lt;span class="s-item__detail s-item__detail--secondary"&gt;&lt;span class="s-item__location s-item__itemLocation"&gt;From Germany&lt;/span&gt;&lt;/span&gt;&lt;div class="s-item__detail s-item__detail--primary"&gt;&lt;span class="s-item__shipping s-item__logisticsCost"&gt;&lt;span class="ITALIC"&gt;+RM 110.85 postage&lt;/span&gt;&lt;/span&gt;&lt;/div&gt;&lt;/div&gt;&lt;/div&gt;&lt;/div&gt;&lt;/li&gt;, &lt;li class="s-item" data-view="mi:1686|iid:6"&gt;&lt;div class="s-item__wrapper clearfix"&gt;&lt;div class="s-item__image-section"&gt;&lt;div class="s-item__image"&gt;&lt;a _sp="p2351460.m1686.l8340" aria-hidden="true" data-track='{"eventFamily":"LST","eventAction":"ACTN","actionKind":"NAVSRC","actionKinds":["NAVSRC"],"operationId":"2351460","flushImmediately":false,"eventProperty":{"moduledtl":"mi:1686|iid:6|li:8340|luid:1|scen:Listings","parentrq":"d6f2db5d1750a69c3220787affecb120","pageci":"8220d839-28ee-11eb-96b2-d28ecbef433d"}}' href="https://www.ebay.com.my/itm/Apple-iPhone-11-64GB-Black-Unlocked-A2111-CDMA-GSM/324376099299?hash=item4b865279e3:g:GJgAAOSwVH1fi-7c" tabindex="-1"&gt;&lt;div class="s-item__image-wrapper"&gt;&lt;div class="s-item__image-helper"&gt;&lt;/div&gt;&lt;img alt="Apple iPhone 11 - 64GB - Black (Unlocked) A2111 (CDMA + GSM)" class="s-item__image-img" loading="eager" onerror="window.SRP.metrics.imageLoadError.count++; " onload=";if(this.width === 80 &amp;amp;&amp;amp; this.height === 80) {window.SRP.metrics.imageEmptyError.count++;}" src="https://i.ebayimg.com/thumbs/images/g/GJgAAOSwVH1fi-7c/s-l225.webp"/&gt;&lt;/div&gt;&lt;/a&gt;&lt;/div&gt;&lt;/div&gt;&lt;div class="s-item__info clearfix"&gt;&lt;div class="s-item__title-hotness"&gt;&lt;/div&gt;&lt;a _sp="p2351460.m1686.l8340" class="s-item__link" data-track='{"eventFamily":"LST","eventAction":"ACTN","actionKind":"NAVSRC","actionKinds":["NAVSRC"],"operationId":"2351460","flushImmediately":false,"eventProperty":{"moduledtl":"mi:1686|iid:6|li:8340|luid:1|scen:Listings","parentrq":"d6f2db5d1750a69c3220787affecb120","pageci":"8220d839-28ee-11eb-96b2-d28ecbef433d"}}' href="https://www.ebay.com.my/itm/Apple-iPhone-11-64GB-Black-Unlocked-A2111-CDMA-GSM/324376099299?hash=item4b865279e3:g:GJgAAOSwVH1fi-7c"&gt;&lt;h3 class="s-item__title"&gt;&lt;span class="LIGHT_HIGHLIGHT"&gt;New Listing&lt;/span&gt;Apple iPhone 11 - 64GB - Black (Unlocked) A2111 (CDMA + GSM)&lt;/h3&gt;&lt;/a&gt;&lt;div class="s-item__subtitle"&gt;&lt;span class="SECONDARY_INFO"&gt;Pre-Owned&lt;/span&gt;&lt;/div&gt;&lt;div class="s-item__details clearfix"&gt;&lt;div class="s-item__detail s-item__detail--primary"&gt;&lt;span class="s-item__price"&gt;&lt;span class="ITALIC"&gt;RM 1,613.67&lt;/span&gt;&lt;/span&gt;&lt;/div&gt;&lt;span class="s-item__detail s-item__detail--secondary"&gt;&lt;span class="s-item__time" data-has-widget="true" id="s0-14-11-6-3-listing6-item-1-1-15[0[1[0]]]-2-0"&gt;&lt;span class="clipped"&gt;Time left&lt;/span&gt;&lt;span class="s-item__time-left"&gt;6d 2h left&lt;/span&gt; &lt;span class="s-item__time-end"&gt;(Tue, 03:00 AM)&lt;/span&gt;&lt;/span&gt;&lt;/span&gt;&lt;div class="s-item__detail s-item__detail--primary"&gt;&lt;span class="s-item__bids s-item__bidCount"&gt;80 bids&lt;/span&gt;&lt;/div&gt;&lt;span class="s-item__detail s-item__detail--secondary"&gt;&lt;span class="s-item__location s-item__itemLocation"&gt;From Lithuania&lt;/span&gt;&lt;/span&gt;&lt;div class="s-item__detail s-item__detail--primary"&gt;&lt;span class="s-item__shipping s-item__logisticsCost"&gt;&lt;span class="ITALIC"&gt;+RM 102.91 postage&lt;/span&gt;&lt;/span&gt;&lt;/div&gt;&lt;/div&gt;&lt;/div&gt;&lt;/div&gt;&lt;/li&gt;, &lt;li class="s-item" data-view="mi:1686|iid:7"&gt;&lt;div class="s-item__wrapper clearfix"&gt;&lt;div class="s-item__image-section"&gt;&lt;div class="s-item__image"&gt;&lt;a _sp="p2351460.m1686.l8340" aria-hidden="true" data-track='{"eventFamily":"LST","eventAction":"ACTN","actionKind":"NAVSRC","actionKinds":["NAVSRC"],"operationId":"2351460","flushImmediately":false,"eventProperty":{"moduledtl":"mi:1686|iid:7|li:8340|luid:1|scen:Listings","parentrq":"d6f2db5d1750a69c3220787affecb120","pageci":"8220d839-28ee-11eb-96b2-d28ecbef433d"}}' href="https://www.ebay.com.my/itm/Apple-iPhone-11-Pro-256Go-Vert-nuit-Desimlocke-A2215-CDMA-GSM/363174658589?hash=item548ee5821d:g:LF8AAOSwKP1fqw7Y" tabindex="-1"&gt;&lt;div class="s-item__image-wrapper"&gt;&lt;div class="s-item__image-helper"&gt;&lt;/div&gt;&lt;img alt="Apple iPhone 11 Pro - 256Go - Vert nuit (Désimlocké) A2215 (CDMA + GSM)" class="s-item__image-img" loading="eager" onerror="window.SRP.metrics.imageLoadError.count++; " onload=";if(this.width === 80 &amp;amp;&amp;amp; this.height === 80) {window.SRP.metrics.imageEmptyError.count++;}" src="https://i.ebayimg.com/thumbs/images/g/LF8AAOSwKP1fqw7Y/s-l225.webp"/&gt;&lt;/div&gt;&lt;/a&gt;&lt;a aria-label="Open product gallery Apple iPhone 11 Pro - 256Go - Vert nuit (Désimlocké) A2215 (CDMA + GSM)" class="s-item__gallery-plus lens-item s-item__gallery-plus--v0 lens-zoom" data-id="363174658589" data-reco="false" data-sid="p2351460.m4114.galleryPlus" href=""&gt;&lt;svg class="srp-ds6-icon-magnify" xmlns="http://www.w3.org/2000/svg" xmlns:xlink="http://www.w3.org/1999/xlink"&gt;&lt;use xlink:href="#srp-ds6-icon-magnify"&gt;&lt;/use&gt;&lt;/svg&gt;&lt;/a&gt;&lt;/div&gt;&lt;/div&gt;&lt;div class="s-item__info clearfix"&gt;&lt;div class="s-item__title-hotness"&gt;&lt;/div&gt;&lt;a _sp="p2351460.m1686.l8340" class="s-item__link" data-track='{"eventFamily":"LST","eventAction":"ACTN","actionKind":"NAVSRC","actionKinds":["NAVSRC"],"operationId":"2351460","flushImmediately":false,"eventProperty":{"moduledtl":"mi:1686|iid:7|li:8340|luid:1|scen:Listings","parentrq":"d6f2db5d1750a69c3220787affecb120","pageci":"8220d839-28ee-11eb-96b2-d28ecbef433d"}}' href="https://www.ebay.com.my/itm/Apple-iPhone-11-Pro-256Go-Vert-nuit-Desimlocke-A2215-CDMA-GSM/363174658589?hash=item548ee5821d:g:LF8AAOSwKP1fqw7Y"&gt;&lt;h3 class="s-item__title"&gt;Apple iPhone 11 Pro - 256Go - Vert nuit (Désimlocké) A2215 (CDMA + GSM)&lt;/h3&gt;&lt;/a&gt;&lt;div class="s-item__subtitle"&gt;&lt;span class="SECONDARY_INFO"&gt;Pre-Owned&lt;/span&gt;&lt;/div&gt;&lt;div class="s-item__details clearfix"&gt;&lt;div class="s-item__detail s-item__detail--primary"&gt;&lt;span class="s-item__price"&gt;&lt;span class="ITALIC"&gt;RM 2,723.72&lt;/span&gt;&lt;/span&gt;&lt;/div&gt;&lt;span class="s-item__detail s-item__detail--secondary"&gt;&lt;span class="s-item__time s-item__time--soon" data-has-widget="true" id="s0-14-11-6-3-listing7-item-1-1-15[0[1[0]]]-2-0"&gt;&lt;span class="clipped"&gt;Time left&lt;/span&gt;&lt;span class="s-item__time-left"&gt;6h 9m left&lt;/span&gt; &lt;span class="s-item__time-end"&gt;(Today 06:13 AM)&lt;/span&gt;&lt;/span&gt;&lt;/span&gt;&lt;div class="s-item__detail s-item__detail--primary"&gt;&lt;span class="s-item__bids s-item__bidCount"&gt;2 bids&lt;/span&gt;&lt;/div&gt;&lt;span class="s-item__detail s-item__detail--secondary"&gt;&lt;span class="s-item__location s-item__itemLocation"&gt;From France&lt;/span&gt;&lt;/span&gt;&lt;div class="s-item__detail s-item__detail--primary"&gt;&lt;span class="s-item__shipping s-item__logisticsCost"&gt;&lt;span class="ITALIC"&gt;+RM 73.09 postage&lt;/span&gt;&lt;/span&gt;&lt;/div&gt;&lt;/div&gt;&lt;/div&gt;&lt;/div&gt;&lt;/li&gt;, &lt;li class="s-item" data-view="mi:1686|iid:8"&gt;&lt;div class="s-item__wrapper clearfix"&gt;&lt;div class="s-item__image-section"&gt;&lt;div class="s-item__image"&gt;&lt;a _sp="p2351460.m1686.l8340" aria-hidden="true" data-track='{"eventFamily":"LST","eventAction":"ACTN","actionKind":"NAVSRC","actionKinds":["NAVSRC"],"operationId":"2351460","flushImmediately":false,"eventProperty":{"moduledtl":"mi:1686|iid:8|li:8340|luid:1|scen:Listings","parentrq":"d6f2db5d1750a69c3220787affecb120","pageci":"8220d839-28ee-11eb-96b2-d28ecbef433d"}}' href="https://www.ebay.com.my/itm/Apple-iPhone-11-Pro-256GB-Space-Gray-Unlocked-A2160-CDMA-GSM/293828983343?hash=item4469927a2f:g:cbAAAOSwtkNfrbwL" tabindex="-1"&gt;&lt;div class="s-item__image-wrapper"&gt;&lt;div class="s-item__image-helper"&gt;&lt;/div&gt;&lt;img alt="Apple iPhone 11 Pro - 256GB - Space Gray (Unlocked) A2160 (CDMA + GSM)" class="s-item__image-img" loading="eager" onerror="window.SRP.metrics.imageLoadError.count++; " onload=";if(this.width === 80 &amp;amp;&amp;amp; this.height === 80) {window.SRP.metrics.imageEmptyError.count++;}" src="https://i.ebayimg.com/thumbs/images/g/cbAAAOSwtkNfrbwL/s-l225.webp"/&gt;&lt;/div&gt;&lt;/a&gt;&lt;/div&gt;&lt;/div&gt;&lt;div class="s-item__info clearfix"&gt;&lt;div class="s-item__title-hotness"&gt;&lt;/div&gt;&lt;a _sp="p2351460.m1686.l8340" class="s-item__link" data-track='{"eventFamily":"LST","eventAction":"ACTN","actionKind":"NAVSRC","actionKinds":["NAVSRC"],"operationId":"2351460","flushImmediately":false,"eventProperty":{"moduledtl":"mi:1686|iid:8|li:8340|luid:1|scen:Listings","parentrq":"d6f2db5d1750a69c3220787affecb120","pageci":"8220d839-28ee-11eb-96b2-d28ecbef433d"}}' href="https://www.ebay.com.my/itm/Apple-iPhone-11-Pro-256GB-Space-Gray-Unlocked-A2160-CDMA-GSM/293828983343?hash=item4469927a2f:g:cbAAAOSwtkNfrbwL"&gt;&lt;h3 class="s-item__title"&gt;Apple iPhone 11 Pro - 256GB - Space Gray (Unlocked) A2160 (CDMA + GSM)&lt;/h3&gt;&lt;/a&gt;&lt;div class="s-item__subtitle"&gt;&lt;span class="SECONDARY_INFO"&gt;Pre-Owned&lt;/span&gt;&lt;/div&gt;&lt;div class="s-item__details clearfix"&gt;&lt;div class="s-item__detail s-item__detail--primary"&gt;&lt;span class="s-item__price"&gt;&lt;span class="ITALIC"&gt;RM 2,371.10&lt;/span&gt;&lt;/span&gt;&lt;/div&gt;&lt;span class="s-item__detail s-item__detail--secondary"&gt;&lt;span class="s-item__time" data-has-widget="true" id="s0-14-11-6-3-listing8-item-1-1-15[0[1[0]]]-2-0"&gt;&lt;span class="clipped"&gt;Time left&lt;/span&gt;&lt;span class="s-item__time-left"&gt;2d 6h left&lt;/span&gt; &lt;span class="s-item__time-end"&gt;(Fri, 07:00 AM)&lt;/span&gt;&lt;/span&gt;&lt;/span&gt;&lt;div class="s-item__detail s-item__detail--primary"&gt;&lt;span class="s-item__bids s-item__bidCount"&gt;17 bids&lt;/span&gt;&lt;/div&gt;&lt;span class="s-item__detail s-item__detail--secondary"&gt;&lt;span class="s-item__location s-item__itemLocation"&gt;From United States&lt;/span&gt;&lt;/span&gt;&lt;div class="s-item__detail s-item__detail--primary"&gt;&lt;span class="s-item__shipping s-item__logisticsCost"&gt;&lt;span class="ITALIC"&gt;+RM 86.45 postage&lt;/span&gt;&lt;/span&gt;&lt;/div&gt;&lt;/div&gt;&lt;/div&gt;&lt;/div&gt;&lt;/li&gt;, &lt;li class="s-item" data-view="mi:1686|iid:9"&gt;&lt;div class="s-item__wrapper clearfix"&gt;&lt;div class="s-item__image-section"&gt;&lt;div class="s-item__image"&gt;&lt;a _sp="p2351460.m1686.l8340" aria-hidden="true" data-track='{"eventFamily":"LST","eventAction":"ACTN","actionKind":"NAVSRC","actionKinds":["NAVSRC"],"operationId":"2351460","flushImmediately":false,"eventProperty":{"moduledtl":"mi:1686|iid:9|li:8340|luid:1|scen:Listings","parentrq":"d6f2db5d1750a69c3220787affecb120","pageci":"8220d839-28ee-11eb-96b2-d28ecbef433d"}}' href="https://www.ebay.com.my/itm/Apple-iPhone-11-Pro-Max-64GB-Space-Gray-Unlocked-A2161-CDMA-GSM/124440899274?hash=item1cf9416eca:g:XIAAAOSwkkxeNsmM" tabindex="-1"&gt;&lt;div class="s-item__image-wrapper"&gt;&lt;div class="s-item__image-helper"&gt;&lt;/div&gt;&lt;img alt="Apple iPhone 11 Pro Max - 64GB - Space Gray (Unlocked) A2161 (CDMA + GSM) " class="s-item__image-img" loading="eager" onerror="window.SRP.metrics.imageLoadError.count++; " onload=";if(this.width === 80 &amp;amp;&amp;amp; this.height === 80) {window.SRP.metrics.imageEmptyError.count++;}" src="https://i.ebayimg.com/thumbs/images/g/XIAAAOSwkkxeNsmM/s-l225.webp"/&gt;&lt;/div&gt;&lt;/a&gt;&lt;/div&gt;&lt;/div&gt;&lt;div class="s-item__info clearfix"&gt;&lt;div class="s-item__title-hotness"&gt;&lt;/div&gt;&lt;a _sp="p2351460.m1686.l8340" class="s-item__link" data-track='{"eventFamily":"LST","eventAction":"ACTN","actionKind":"NAVSRC","actionKinds":["NAVSRC"],"operationId":"2351460","flushImmediately":false,"eventProperty":{"moduledtl":"mi:1686|iid:9|li:8340|luid:1|scen:Listings","parentrq":"d6f2db5d1750a69c3220787affecb120","pageci":"8220d839-28ee-11eb-96b2-d28ecbef433d"}}' href="https://www.ebay.com.my/itm/Apple-iPhone-11-Pro-Max-64GB-Space-Gray-Unlocked-A2161-CDMA-GSM/124440899274?hash=item1cf9416eca:g:XIAAAOSwkkxeNsmM"&gt;&lt;h3 class="s-item__title"&gt;Apple iPhone 11 Pro Max - 64GB - Space Gray (Unlocked) A2161 (CDMA + GSM) &lt;/h3&gt;&lt;/a&gt;&lt;div class="s-item__subtitle"&gt;&lt;span class="SECONDARY_INFO"&gt;Pre-Owned&lt;/span&gt;&lt;/div&gt;&lt;div class="s-item__details clearfix"&gt;&lt;div class="s-item__detail s-item__detail--primary"&gt;&lt;span class="s-item__price"&gt;&lt;span class="ITALIC"&gt;RM 2,511.06&lt;/span&gt;&lt;/span&gt;&lt;/div&gt;&lt;span class="s-item__detail s-item__detail--secondary"&gt;&lt;span class="s-item__time s-item__time--soon" data-has-widget="true" id="s0-14-11-6-3-listing9-item-1-1-15[0[1[0]]]-2-0"&gt;&lt;span class="clipped"&gt;Time left&lt;/span&gt;&lt;span class="s-item__time-left"&gt;23h 56m left&lt;/span&gt; &lt;span class="s-item__time-end"&gt;(Thu, 12:01 AM)&lt;/span&gt;&lt;/span&gt;&lt;/span&gt;&lt;div class="s-item__detail s-item__detail--primary"&gt;&lt;span class="s-item__bids s-item__bidCount"&gt;25 bids&lt;/span&gt;&lt;/div&gt;&lt;span class="s-item__detail s-item__detail--secondary"&gt;&lt;span class="s-item__location s-item__itemLocation"&gt;From Kenya&lt;/span&gt;&lt;/span&gt;&lt;div class="s-item__detail s-item__detail--primary"&gt;&lt;span class="s-item__shipping s-item__logisticsCost"&gt;&lt;span class="ITALIC"&gt;+RM 82.33 postage&lt;/span&gt;&lt;/span&gt;&lt;/div&gt;&lt;/div&gt;&lt;/div&gt;&lt;/div&gt;&lt;/li&gt;, &lt;li class="s-item" data-view="mi:1686|iid:10"&gt;&lt;div class="s-item__wrapper clearfix"&gt;&lt;div class="s-item__image-section"&gt;&lt;div class="s-item__image"&gt;&lt;a _sp="p2351460.m1686.l8340" aria-hidden="true" data-track='{"eventFamily":"LST","eventAction":"ACTN","actionKind":"NAVSRC","actionKinds":["NAVSRC"],"operationId":"2351460","flushImmediately":false,"eventProperty":{"moduledtl":"mi:1686|iid:10|li:8340|luid:1|scen:Listings","parentrq":"d6f2db5d1750a69c3220787affecb120","pageci":"8220d839-28ee-11eb-96b2-d28ecbef433d"}}' href="https://www.ebay.com.my/itm/Apple-iPhone-11-Pro-Max-256GB-Silver-Unlocked-A2218-CDMA-GSM/254780773317?hash=item3b521e13c5:g:SlgAAOSw2rheNsmq" tabindex="-1"&gt;&lt;div class="s-item__image-wrapper"&gt;&lt;div class="s-item__image-helper"&gt;&lt;/div&gt;&lt;img alt="Apple iPhone 11 Pro Max - 256GB - Silver (Unlocked) A2218 (CDMA + GSM)" class="s-item__image-img" loading="eager" onerror="window.SRP.metrics.imageLoadError.count++; " onload=";if(this.width === 80 &amp;amp;&amp;amp; this.height === 80) {window.SRP.metrics.imageEmptyError.count++;}" src="https://i.ebayimg.com/thumbs/images/g/SlgAAOSw2rheNsmq/s-l225.webp"/&gt;&lt;/div&gt;&lt;/a&gt;&lt;/div&gt;&lt;/div&gt;&lt;div class="s-item__info clearfix"&gt;&lt;div class="s-item__title-hotness"&gt;&lt;/div&gt;&lt;a _sp="p2351460.m1686.l8340" class="s-item__link" data-track='{"eventFamily":"LST","eventAction":"ACTN","actionKind":"NAVSRC","actionKinds":["NAVSRC"],"operationId":"2351460","flushImmediately":false,"eventProperty":{"moduledtl":"mi:1686|iid:10|li:8340|luid:1|scen:Listings","parentrq":"d6f2db5d1750a69c3220787affecb120","pageci":"8220d839-28ee-11eb-96b2-d28ecbef433d"}}' href="https://www.ebay.com.my/itm/Apple-iPhone-11-Pro-Max-256GB-Silver-Unlocked-A2218-CDMA-GSM/254780773317?hash=item3b521e13c5:g:SlgAAOSw2rheNsmq"&gt;&lt;h3 class="s-item__title"&gt;&lt;span class="LIGHT_HIGHLIGHT"&gt;New Listing&lt;/span&gt;Apple iPhone 11 Pro Max - 256GB - Silver (Unlocked) A2218 (CDMA + GSM)&lt;/h3&gt;&lt;/a&gt;&lt;div class="s-item__subtitle"&gt;&lt;span class="SECONDARY_INFO"&gt;Pre-Owned&lt;/span&gt;&lt;/div&gt;&lt;div class="s-item__details clearfix"&gt;&lt;div class="s-item__detail s-item__detail--primary"&gt;&lt;span class="s-item__price"&gt;&lt;span class="ITALIC"&gt;RM 3,089.24&lt;/span&gt;&lt;/span&gt;&lt;/div&gt;&lt;span class="s-item__detail s-item__detail--secondary"&gt;&lt;span class="s-item__time" data-has-widget="true" id="s0-14-11-6-3-listing10-item-1-1-15[0[1[0]]]-2-0"&gt;&lt;span class="clipped"&gt;Time left&lt;/span&gt;&lt;span class="s-item__time-left"&gt;6d 16h left&lt;/span&gt; &lt;span class="s-item__time-end"&gt;(Tue, 04:15 PM)&lt;/span&gt;&lt;/span&gt;&lt;/span&gt;&lt;div class="s-item__detail s-item__detail--primary"&gt;&lt;span class="s-item__bids s-item__bidCount"&gt;62 bids&lt;/span&gt;&lt;/div&gt;&lt;span class="s-item__detail s-item__detail--secondary"&gt;&lt;span class="s-item__location s-item__itemLocation"&gt;From United States&lt;/span&gt;&lt;/span&gt;&lt;div class="s-item__detail s-item__detail--primary"&gt;&lt;span class="s-item__shipping s-item__logisticsCost"&gt;Free International Shipping&lt;/span&gt;&lt;/div&gt;&lt;/div&gt;&lt;/div&gt;&lt;/div&gt;&lt;/li&gt;, &lt;li class="s-item" data-view="mi:1686|iid:11"&gt;&lt;div class="s-item__wrapper clearfix"&gt;&lt;div class="s-item__image-section"&gt;&lt;div class="s-item__image"&gt;&lt;a _sp="p2351460.m1686.l8340" aria-hidden="true" data-track='{"eventFamily":"LST","eventAction":"ACTN","actionKind":"NAVSRC","actionKinds":["NAVSRC"],"operationId":"2351460","flushImmediately":false,"eventProperty":{"moduledtl":"mi:1686|iid:11|li:8340|luid:1|scen:Listings","parentrq":"d6f2db5d1750a69c3220787affecb120","pageci":"8220d839-28ee-11eb-96b2-d28ecbef433d"}}' href="https://www.ebay.com.my/itm/1-Apple-iPhone-11-Pro-512GB-Nachtgrun-Ohne-Simlock-A2215-CDMA-GSM/324375238581?hash=item4b864557b5:g:7ZkAAOSwKhpeNsmB" tabindex="-1"&gt;&lt;div class="s-item__image-wrapper"&gt;&lt;div class="s-item__image-helper"&gt;&lt;/div&gt;&lt;img alt="1 Apple iPhone 11 Pro - 512GB - Nachtgrün (Ohne Simlock) A2215 (CDMA + GSM)" class="s-item__image-img" loading="eager" onerror="window.SRP.metrics.imageLoadError.count++; " onload=";if(this.width === 80 &amp;amp;&amp;amp; this.height === 80) {window.SRP.metrics.imageEmptyError.count++;}" src="https://i.ebayimg.com/thumbs/images/g/7ZkAAOSwKhpeNsmB/s-l225.webp"/&gt;&lt;/div&gt;&lt;/a&gt;&lt;/div&gt;&lt;/div&gt;&lt;div class="s-item__info clearfix"&gt;&lt;div class="s-item__title-hotness"&gt;&lt;/div&gt;&lt;a _sp="p2351460.m1686.l8340" class="s-item__link" data-track='{"eventFamily":"LST","eventAction":"ACTN","actionKind":"NAVSRC","actionKinds":["NAVSRC"],"operationId":"2351460","flushImmediately":false,"eventProperty":{"moduledtl":"mi:1686|iid:11|li:8340|luid:1|scen:Listings","parentrq":"d6f2db5d1750a69c3220787affecb120","pageci":"8220d839-28ee-11eb-96b2-d28ecbef433d"}}' href="https://www.ebay.com.my/itm/1-Apple-iPhone-11-Pro-512GB-Nachtgrun-Ohne-Simlock-A2215-CDMA-GSM/324375238581?hash=item4b864557b5:g:7ZkAAOSwKhpeNsmB"&gt;&lt;h3 class="s-item__title"&gt;&lt;span class="LIGHT_HIGHLIGHT"&gt;New Listing&lt;/span&gt;1 Apple iPhone 11 Pro - 512GB - Nachtgrün (Ohne Simlock) A2215 (CDMA + GSM)&lt;/h3&gt;&lt;/a&gt;&lt;div class="s-item__subtitle"&gt;&lt;span class="SECONDARY_INFO"&gt;Pre-Owned&lt;/span&gt;&lt;/div&gt;&lt;div class="s-item__details clearfix"&gt;&lt;div class="s-item__detail s-item__detail--primary"&gt;&lt;span class="s-item__price"&gt;&lt;span class="ITALIC"&gt;RM 1,257.10&lt;/span&gt;&lt;/span&gt;&lt;/div&gt;&lt;span class="s-item__detail s-item__detail--secondary"&gt;&lt;span class="s-item__time" data-has-widget="true" id="s0-14-11-6-3-listing11-item-1-1-15[0[1[0]]]-2-0"&gt;&lt;span class="clipped"&gt;Time left&lt;/span&gt;&lt;span class="s-item__time-left"&gt;6d 3h left&lt;/span&gt; &lt;span class="s-item__time-end"&gt;(Tue, 04:02 AM)&lt;/span&gt;&lt;/span&gt;&lt;/span&gt;&lt;div class="s-item__detail s-item__detail--primary"&gt;&lt;span class="s-item__bids s-item__bidCount"&gt;26 bids&lt;/span&gt;&lt;/div&gt;&lt;span class="s-item__detail s-item__detail--secondary"&gt;&lt;span class="s-item__location s-item__itemLocation"&gt;From Germany&lt;/span&gt;&lt;/span&gt;&lt;div class="s-item__detail s-item__detail--primary"&gt;&lt;span class="s-item__shipping s-item__logisticsCost"&gt;&lt;span class="ITALIC"&gt;+RM 121.33 postage&lt;/span&gt;&lt;/span&gt;&lt;/div&gt;&lt;/div&gt;&lt;/div&gt;&lt;/div&gt;&lt;/li&gt;, &lt;li class="s-item" data-view="mi:1686|iid:12"&gt;&lt;div class="s-item__wrapper clearfix"&gt;&lt;div class="s-item__image-section"&gt;&lt;div class="s-item__image"&gt;&lt;a _sp="p2351460.m1686.l8340" aria-hidden="true" data-track='{"eventFamily":"LST","eventAction":"ACTN","actionKind":"NAVSRC","actionKinds":["NAVSRC"],"operationId":"2351460","flushImmediately":false,"eventProperty":{"moduledtl":"mi:1686|iid:12|li:8340|luid:1|scen:Listings","parentrq":"d6f2db5d1750a69c3220787affecb120","pageci":"8220d839-28ee-11eb-96b2-d28ecbef433d"}}' href="https://www.ebay.com.my/itm/Apple-iPhone-11-Pro-256GB-Midnight-Green-Unlocked-A2160-CDMA-GSM/303770798611?hash=item46ba268a13:g:t0gAAOSwP4NfstvK" tabindex="-1"&gt;&lt;div class="s-item__image-wrapper"&gt;&lt;div class="s-item__image-helper"&gt;&lt;/div&gt;&lt;img alt="Apple iPhone 11 Pro - 256GB - Midnight Green (Unlocked) A2160 (CDMA + GSM)" class="s-item__image-img" loading="eager" onerror="window.SRP.metrics.imageLoadError.count++; " onload=";if(this.width === 80 &amp;amp;&amp;amp; this.height === 80) {window.SRP.metrics.imageEmptyError.count++;}" src="https://i.ebayimg.com/thumbs/images/g/t0gAAOSwP4NfstvK/s-l225.webp"/&gt;&lt;/div&gt;&lt;/a&gt;&lt;/div&gt;&lt;/div&gt;&lt;div class="s-item__info clearfix"&gt;&lt;div class="s-item__title-hotness"&gt;&lt;/div&gt;&lt;a _sp="p2351460.m1686.l8340" class="s-item__link" data-track='{"eventFamily":"LST","eventAction":"ACTN","actionKind":"NAVSRC","actionKinds":["NAVSRC"],"operationId":"2351460","flushImmediately":false,"eventProperty":{"moduledtl":"mi:1686|iid:12|li:8340|luid:1|scen:Listings","parentrq":"d6f2db5d1750a69c3220787affecb120","pageci":"8220d839-28ee-11eb-96b2-d28ecbef433d"}}' href="https://www.ebay.com.my/itm/Apple-iPhone-11-Pro-256GB-Midnight-Green-Unlocked-A2160-CDMA-GSM/303770798611?hash=item46ba268a13:g:t0gAAOSwP4NfstvK"&gt;&lt;h3 class="s-item__title"&gt;&lt;span class="LIGHT_HIGHLIGHT"&gt;New Listing&lt;/span&gt;Apple iPhone 11 Pro - 256GB - Midnight Green (Unlocked) A2160 (CDMA + GSM)&lt;/h3&gt;&lt;/a&gt;&lt;div class="s-item__subtitle"&gt;&lt;span class="SECONDARY_INFO"&gt;Pre-Owned&lt;/span&gt;&lt;/div&gt;&lt;div class="s-item__details clearfix"&gt;&lt;div class="s-item__detail s-item__detail--primary"&gt;&lt;span class="s-item__price"&gt;&lt;span class="ITALIC"&gt;RM 2,346.40&lt;/span&gt;&lt;/span&gt;&lt;/div&gt;&lt;span class="s-item__detail s-item__detail--secondary"&gt;&lt;span class="s-item__time" data-has-widget="true" id="s0-14-11-6-3-listing12-item-1-1-15[0[1[0]]]-2-0"&gt;&lt;span class="clipped"&gt;Time left&lt;/span&gt;&lt;span class="s-item__time-left"&gt;2d 4h left&lt;/span&gt; &lt;span class="s-item__time-end"&gt;(Fri, 04:14 AM)&lt;/span&gt;&lt;/span&gt;&lt;/span&gt;&lt;div class="s-item__detail s-item__detail--primary"&gt;&lt;span class="s-item__bids s-item__bidCount"&gt;13 bids&lt;/span&gt;&lt;/div&gt;&lt;span class="s-item__detail s-item__detail--secondary"&gt;&lt;span class="s-item__location s-item__itemLocation"&gt;From Sri Lanka&lt;/span&gt;&lt;/span&gt;&lt;div class="s-item__detail s-item__detail--primary"&gt;&lt;span class="s-item__shipping s-item__logisticsCost"&gt;&lt;span class="ITALIC"&gt;+RM 61.75 postage&lt;/span&gt;&lt;/span&gt;&lt;/div&gt;&lt;/div&gt;&lt;/div&gt;&lt;/div&gt;&lt;/li&gt;, &lt;li class="s-item" data-view="mi:1686|iid:13"&gt;&lt;div class="s-item__wrapper clearfix"&gt;&lt;div class="s-item__image-section"&gt;&lt;div class="s-item__image"&gt;&lt;a _sp="p2351460.m1686.l8340" aria-hidden="true" data-track='{"eventFamily":"LST","eventAction":"ACTN","actionKind":"NAVSRC","actionKinds":["NAVSRC"],"operationId":"2351460","flushImmediately":false,"eventProperty":{"moduledtl":"mi:1686|iid:13|li:8340|luid:1|scen:Listings","parentrq":"d6f2db5d1750a69c3220787affecb120","pageci":"8220d839-28ee-11eb-96b2-d28ecbef433d"}}' href="https://www.ebay.com.my/itm/Apple-iPhone-11-64GB-Midnight-Green-Unlocked-A2160-CDMA-GSM-CA/224229368659?hash=item34351ca353:g:Dz0AAOSwvAJfilQR" tabindex="-1"&gt;&lt;div class="s-item__image-wrapper"&gt;&lt;div class="s-item__image-helper"&gt;&lt;/div&gt;&lt;img alt="Apple iPhone 11 - 64GB - Midnight Green (Unlocked) A2160 (CDMA + GSM) (CA)" class="s-item__image-img" loading="eager" onerror="window.SRP.metrics.imageLoadError.count++; " onload=";if(this.width === 80 &amp;amp;&amp;amp; this.height === 80) {window.SRP.metrics.imageEmptyError.count++;}" src="https://i.ebayimg.com/thumbs/images/g/Dz0AAOSwvAJfilQR/s-l225.webp"/&gt;&lt;/div&gt;&lt;/a&gt;&lt;/div&gt;&lt;/div&gt;&lt;div class="s-item__info clearfix"&gt;&lt;div class="s-item__title-hotness"&gt;&lt;/div&gt;&lt;a _sp="p2351460.m1686.l8340" class="s-item__link" data-track='{"eventFamily":"LST","eventAction":"ACTN","actionKind":"NAVSRC","actionKinds":["NAVSRC"],"operationId":"2351460","flushImmediately":false,"eventProperty":{"moduledtl":"mi:1686|iid:13|li:8340|luid:1|scen:Listings","parentrq":"d6f2db5d1750a69c3220787affecb120","pageci":"8220d839-28ee-11eb-96b2-d28ecbef433d"}}' href="https://www.ebay.com.my/itm/Apple-iPhone-11-64GB-Midnight-Green-Unlocked-A2160-CDMA-GSM-CA/224229368659?hash=item34351ca353:g:Dz0AAOSwvAJfilQR"&gt;&lt;h3 class="s-item__title"&gt;Apple iPhone 11 - 64GB - Midnight Green (Unlocked) A2160 (CDMA + GSM) (CA)&lt;/h3&gt;&lt;/a&gt;&lt;div class="s-item__subtitle"&gt;&lt;span class="SECONDARY_INFO"&gt;Pre-Owned&lt;/span&gt;&lt;/div&gt;&lt;div class="s-item__details clearfix"&gt;&lt;div class="s-item__detail s-item__detail--primary"&gt;&lt;span class="s-item__price"&gt;&lt;span class="ITALIC"&gt;RM 1,889.46&lt;/span&gt;&lt;/span&gt;&lt;/div&gt;&lt;span class="s-item__detail s-item__detail--secondary"&gt;&lt;span class="s-item__time s-item__time--urgent" data-has-widget="true" id="s0-14-11-6-3-listing13-item-1-1-15[0[1[0]]]-2-0"&gt;&lt;span class="clipped"&gt;Time left&lt;/span&gt;&lt;span class="s-item__time-left"&gt;59s left&lt;/span&gt; &lt;span class="s-item__time-end"&gt;(Today 12:05 AM)&lt;/span&gt;&lt;/span&gt;&lt;/span&gt;&lt;div class="s-item__detail s-item__detail--primary"&gt;&lt;span class="s-item__bids s-item__bidCount"&gt;11 bids&lt;/span&gt;&lt;/div&gt;&lt;span class="s-item__detail s-item__detail--secondary"&gt;&lt;span class="s-item__location s-item__itemLocation"&gt;From Canada&lt;/span&gt;&lt;/span&gt;&lt;div class="s-item__detail s-item__detail--primary"&gt;&lt;span class="s-item__shipping s-item__logisticsCost"&gt;&lt;span class="ITALIC"&gt;+RM 188.95 postage&lt;/span&gt;&lt;/span&gt;&lt;/div&gt;&lt;/div&gt;&lt;/div&gt;&lt;/div&gt;&lt;/li&gt;, &lt;li class="s-item" data-view="mi:1686|iid:14"&gt;&lt;div class="s-item__wrapper clearfix"&gt;&lt;div class="s-item__image-section"&gt;&lt;div class="s-item__image"&gt;&lt;a _sp="p2351460.m1686.l8340" aria-hidden="true" data-track='{"eventFamily":"LST","eventAction":"ACTN","actionKind":"NAVSRC","actionKinds":["NAVSRC"],"operationId":"2351460","flushImmediately":false,"eventProperty":{"moduledtl":"mi:1686|iid:14|li:8340|luid:1|scen:Listings","parentrq":"d6f2db5d1750a69c3220787affecb120","pageci":"8220d839-28ee-11eb-96b2-d28ecbef433d"}}' href="https://www.ebay.com.my/itm/Apple-iPhone-11-Pro-256Go-NEUF-Argent-Desimlocke-A2215-CDMA-GSM/284084203825?hash=item4224bcf131:g:THkAAOSw1A1fs5gG" tabindex="-1"&gt;&lt;div class="s-item__image-wrapper"&gt;&lt;div class="s-item__image-helper"&gt;&lt;/div&gt;&lt;img alt="Apple iPhone 11 Pro - 256Go - NEUF - Argent (Désimlocké) A2215 (CDMA + GSM)" class="s-item__image-img" loading="eager" onerror="window.SRP.metrics.imageLoadError.count++; " onload=";if(this.width === 80 &amp;amp;&amp;amp; this.height === 80) {window.SRP.metrics.imageEmptyError.count++;}" src="https://i.ebayimg.com/thumbs/images/g/THkAAOSw1A1fs5gG/s-l225.webp"/&gt;&lt;/div&gt;&lt;/a&gt;&lt;a aria-label="Open product gallery Apple iPhone 11 Pro - 256Go - NEUF - Argent (Désimlocké) A2215 (CDMA + GSM)" class="s-item__gallery-plus lens-item s-item__gallery-plus--v0 lens-zoom" data-id="284084203825" data-reco="false" data-sid="p2351460.m4114.galleryPlus" href=""&gt;&lt;svg class="srp-ds6-icon-magnify" xmlns="http://www.w3.org/2000/svg" xmlns:xlink="http://www.w3.org/1999/xlink"&gt;&lt;use xlink:href="#srp-ds6-icon-magnify"&gt;&lt;/use&gt;&lt;/svg&gt;&lt;/a&gt;&lt;/div&gt;&lt;/div&gt;&lt;div class="s-item__info clearfix"&gt;&lt;div class="s-item__title-hotness"&gt;&lt;/div&gt;&lt;a _sp="p2351460.m1686.l8340" class="s-item__link" data-track='{"eventFamily":"LST","eventAction":"ACTN","actionKind":"NAVSRC","actionKinds":["NAVSRC"],"operationId":"2351460","flushImmediately":false,"eventProperty":{"moduledtl":"mi:1686|iid:14|li:8340|luid:1|scen:Listings","parentrq":"d6f2db5d1750a69c3220787affecb120","pageci":"8220d839-28ee-11eb-96b2-d28ecbef433d"}}' href="https://www.ebay.com.my/itm/Apple-iPhone-11-Pro-256Go-NEUF-Argent-Desimlocke-A2215-CDMA-GSM/284084203825?hash=item4224bcf131:g:THkAAOSw1A1fs5gG"&gt;&lt;h3 class="s-item__title"&gt;&lt;span class="LIGHT_HIGHLIGHT"&gt;New Listing&lt;/span&gt;Apple iPhone 11 Pro - 256Go - NEUF - Argent (Désimlocké) A2215 (CDMA + GSM)&lt;/h3&gt;&lt;/a&gt;&lt;div class="s-item__subtitle"&gt;&lt;span class="SECONDARY_INFO"&gt;Brand New&lt;/span&gt;&lt;/div&gt;&lt;div class="s-item__details clearfix"&gt;&lt;div class="s-item__detail s-item__detail--primary"&gt;&lt;span class="s-item__price"&gt;&lt;span class="ITALIC"&gt;RM 2,436.25&lt;/span&gt;&lt;/span&gt;&lt;/div&gt;&lt;span class="s-item__detail s-item__detail--secondary"&gt;&lt;span class="s-item__time" data-has-widget="true" id="s0-14-11-6-3-listing14-item-1-1-15[0[1[0]]]-2-0"&gt;&lt;span class="clipped"&gt;Time left&lt;/span&gt;&lt;span class="s-item__time-left"&gt;9d 17h left&lt;/span&gt; &lt;span class="s-item__time-end"&gt;(11/27, 05:48 PM)&lt;/span&gt;&lt;/span&gt;&lt;/span&gt;&lt;div class="s-item__detail s-item__detail--primary"&gt;&lt;span class="s-item__bids s-item__bidCount"&gt;0 bids&lt;/span&gt;&lt;/div&gt;&lt;span class="s-item__detail s-item__detail--secondary"&gt;&lt;span class="s-item__location s-item__itemLocation"&gt;From France&lt;/span&gt;&lt;/span&gt;&lt;div class="s-item__detail s-item__detail--primary"&gt;&lt;span cla
[...]
price 3999.00
price_record 3999.00
description iPhone X 64GB Space Grey
link https://www.ebay.com.my/itm/iPhone-X-64GB-Space-Grey/223490549738?hash=item34091327ea:g:UvgAAOSw4nRcvQXu</msg>
<status status="PASS" starttime="20201118 00:03:57.283" endtime="20201118 00:04:06.344"></status>
</kw>
<kw name="Then user save the record for eBay" library="testcase_keywords">
<msg timestamp="20201118 00:04:06.372" level="INFO">price ['0', '16.00', '2123.68', '545.22', '1848.28', '1593.30', '1613.67', '2723.72', '2371.10', '2511.06', '3089.24', '1257.10', '2346.40', '1889.46', '2436.25', '2264.07', '2833.06', '1543.69', '2198.21', '3971.08', '2350.52', '3363.07', '4339.45', '3087.37', '2264.07', '2704.54', '974.50', '2831.04', '2169.72', '2305.33', '2928.66', '3169.70', '2758.05', '2099.41', '3828.34', '2469.90', '4116.50', '2820.64', '2017.08', '2428.73', '3308.42', '4116.50', '3999.00', '3999.00', '0', '16.00', '2123.68', '545.22', '1848.28', '1593.30', '1613.67', '2723.72', '2371.10', '2511.06', '3089.24', '1257.10', '2346.40', '1889.46', '2436.25', '2264.07', '2833.06', '1543.69', '2198.21', '3971.08', '2350.52', '3363.07', '4339.45', '3087.37', '2264.07', '2704.54', '974.50', '2831.04', '2169.72', '2305.33', '2928.66', '3169.70', '2758.05', '2099.41', '3828.34', '2469.90', '4116.50', '2820.64', '2428.73', '3005.04', '3308.42', '4116.50', '3999.00', '3999.00']
description ['no data', 'iPhone 11 Casing', 'iPhone 11 128G A+ Black/White [Unlock]', 'New ListingApple iPhone 11 Pro Max - 256GB - Nachtgrün (T-Mobile) A2218 (CDMA + GSM)', 'Apple iPhone 11 Pro - 256GB - Nachtgrün (Ohne Simlock) ', 'New ListingApple iPhone 11 Pro - 256GB - Space Grau (Ohne Simlock) unbenutzt- OVP', 'New ListingApple iPhone 11 - 64GB - Black (Unlocked) A2111 (CDMA + GSM)', 'Apple iPhone 11 Pro - 256Go - Vert nuit (Désimlocké) A2215 (CDMA + GSM)', 'Apple iPhone 11 Pro - 256GB - Space Gray (Unlocked) A2160 (CDMA + GSM)', 'Apple iPhone 11 Pro Max - 64GB - Space Gray (Unlocked) A2161 (CDMA + GSM) ', 'New ListingApple iPhone 11 Pro Max - 256GB - Silver (Unlocked) A2218 (CDMA + GSM)', 'New Listing1 Apple iPhone 11 Pro - 512GB - Nachtgrün (Ohne Simlock) A2215 (CDMA + GSM)', 'New ListingApple iPhone 11 Pro - 256GB - Midnight\xa0Green (Unlocked) A2160 (CDMA + GSM)', 'Apple iPhone 11 - 64GB - Midnight\xa0Green (Unlocked) A2160 (CDMA + GSM) (CA)', 'New ListingApple iPhone 11 Pro - 256Go - NEUF - Argent (Désimlocké) A2215 (CDMA + GSM)', 'Used Apple iPhone 11 Pro Max 256GB Space Gray (Factory Unlocked)', 'AS NEW Apple iPhone 11 Pro - 256GB - Space Grey (Unlocked)', 'Apple iPhone 11 READ DESCRIPTION !!!! - 64GB - White (Sprint) A2111 (CDMA + GSM)', 'New ListingApple iPhone 11 Pro - 256GB - Silver (Unlocked) A2160 (CDMA + GSM)', 'Apple iPhone 11 Pro Max 256GB', 'Apple iPhone 11 Pro - 256GB - Space Gray (Sprint) A2160 (CDMA + GSM) Orig Box', 'Apple iPhone 11 Pro 256GB Midnight Green - Unlocked  A2215 - with Battery Case', 'iPhone 11 Pro Max - 512GB - Midnight\xa0Green - Unlocked - Pristine Condition - Box', 'New ListingApple iPhone 11 Pro - 256GB - Space Gray (Unlocked) A2160 (CDMA + GSM)', 'New ListingApple iPhone 11 Pro - 64GB - Midnight\xa0Green (Sprint) A2160 (CDMA + GSM)', 'White iPhone 11 256gb - Factory Unlocked CDMA+GSM - Immaculate Condition', 'IPhone 11 128 gb Locked almost new', 'Apple iPhone 11 Pro Max - 64GB - Space Gray (Unlocked) - Like New Condition !', 'iphone 11 64gb Unlocked Purple', 'IMMACULATE CONDITION Apple iPhone 11 - 64GB - Black (Unlocked) A2221(CDMA + GSM)', 'Apple iPhone 11 Pro - 256GB - Graphite (Unlocked) (CA)', 'Apple iPhone 11 Pro - 256GB - Silver (Unlocked) A2160 (CDMA + GSM)', 'Apple iPhone 11 Pro - 256GB - Space Gray (Unlocked) A2160 (CDMA + GSM)', 'Apple iPhone 11 Pro - 64GB - Space Gray (Unlocked) A2160 (CDMA + GSM)', 'iPhone 11 Pro Max 512gb', 'New ListingApple iPhone 11 Pro Max - 64GB - Midnight\xa0Green Unlocked', 'New ListingApple iPhone 11 Pro - 64GB - Space Gray (Unlocked) Excellent condition', 'Apple iPhone 11 - 64GB - Green (EE) A2221 (CDMA + GSM) Unopened ', 'Apple iPhone 11 Pro - 64GB - Gold (Sprint) A2160 (CDMA + GSM) Orig Box', 'iPhone 11 Pro 64GB', 'Apple iPhone 11 - 64Go - Noir (Désimlocké) A2221 (CDMA + GSM)', 'New ListingApple iPhone 11 Pro Max - 256GB - Silver (Unlocked) A2161 (CDMA + GSM)', 'iPhone X 64GB Silver', 'iPhone X 64GB Space Grey', 'no data', 'iPhone 11 Casing', 'iPhone 11 128G A+ Black/White [Unlock]', 'New ListingApple iPhone 11 Pro Max - 256GB - Nachtgrün (T-Mobile) A2218 (CDMA + GSM)', 'Apple iPhone 11 Pro - 256GB - Nachtgrün (Ohne Simlock) ', 'New ListingApple iPhone 11 Pro - 256GB - Space Grau (Ohne Simlock) unbenutzt- OVP', 'New ListingApple iPhone 11 - 64GB - Black (Unlocked) A2111 (CDMA + GSM)', 'Apple iPhone 11 Pro - 256Go - Vert nuit (Désimlocké) A2215 (CDMA + GSM)', 'Apple iPhone 11 Pro - 256GB - Space Gray (Unlocked) A2160 (CDMA + GSM)', 'Apple iPhone 11 Pro Max - 64GB - Space Gray (Unlocked) A2161 (CDMA + GSM) ', 'New ListingApple iPhone 11 Pro Max - 256GB - Silver (Unlocked) A2218 (CDMA + GSM)', 'New Listing1 Apple iPhone 11 Pro - 512GB - Nachtgrün (Ohne Simlock) A2215 (CDMA + GSM)', 'New ListingApple iPhone 11 Pro - 256GB - Midnight\xa0Green (Unlocked) A2160 (CDMA + GSM)', 'Apple iPhone 11 - 64GB - Midnight\xa0Green (Unlocked) A2160 (CDMA + GSM) (CA)', 'New ListingApple iPhone 11 Pro - 256Go - NEUF - Argent (Désimlocké) A2215 (CDMA + GSM)', 'Used Apple iPhone 11 Pro Max 256GB Space Gray (Factory Unlocked)', 'AS NEW Apple iPhone 11 Pro - 256GB - Space Grey (Unlocked)', 'Apple iPhone 11 READ DESCRIPTION !!!! - 64GB - White (Sprint) A2111 (CDMA + GSM)', 'New ListingApple iPhone 11 Pro - 256GB - Silver (Unlocked) A2160 (CDMA + GSM)', 'Apple iPhone 11 Pro Max 256GB', 'Apple iPhone 11 Pro - 256GB - Space Gray (Sprint) A2160 (CDMA + GSM) Orig Box', 'Apple iPhone 11 Pro 256GB Midnight Green - Unlocked  A2215 - with Battery Case', 'iPhone 11 Pro Max - 512GB - Midnight\xa0Green - Unlocked - Pristine Condition - Box', 'New ListingApple iPhone 11 Pro - 256GB - Space Gray (Unlocked) A2160 (CDMA + GSM)', 'New ListingApple iPhone 11 Pro - 64GB - Midnight\xa0Green (Sprint) A2160 (CDMA + GSM)', 'White iPhone 11 256gb - Factory Unlocked CDMA+GSM - Immaculate Condition', 'IPhone 11 128 gb Locked almost new', 'Apple iPhone 11 Pro Max - 64GB - Space Gray (Unlocked) - Like New Condition !', 'iphone 11 64gb Unlocked Purple', 'IMMACULATE CONDITION Apple iPhone 11 - 64GB - Black (Unlocked) A2221(CDMA + GSM)', 'Apple iPhone 11 Pro - 256GB - Graphite (Unlocked) (CA)', 'Apple iPhone 11 Pro - 256GB - Silver (Unlocked) A2160 (CDMA + GSM)', 'Apple iPhone 11 Pro - 256GB - Space Gray (Unlocked) A2160 (CDMA + GSM)', 'Apple iPhone 11 Pro - 64GB - Space Gray (Unlocked) A2160 (CDMA + GSM)', 'iPhone 11 Pro Max 512gb', 'New ListingApple iPhone 11 Pro Max - 64GB - Midnight\xa0Green Unlocked', 'New ListingApple iPhone 11 Pro - 64GB - Space Gray (Unlocked) Excellent condition', 'Apple iPhone 11 - 64GB - Green (EE) A2221 (CDMA + GSM) Unopened ', 'iPhone 11 Pro 64GB', 'Apple iPhone 11 Pro Max - 256GB - Space Gray (Unlocked) A2161 (CDMA + GSM)', 'Apple iPhone 11 - 64Go - Noir (Désimlocké) A2221 (CDMA + GSM)', 'New ListingApple iPhone 11 Pro Max - 256GB - Silver (Unlocked) A2161 (CDMA + GSM)', 'iPhone X 64GB Silver', 'iPhone X 64GB Space Grey']
data_record2                                              ItemName  ... Platform
1                                    iPhone 11 Casing  ...     eBay
2              iPhone 11 128G A+ Black/White [Unlock]  ...     eBay
3   New ListingApple iPhone 11 Pro Max - 256GB - N...  ...     eBay
4   Apple iPhone 11 Pro - 256GB - Nachtgrün (Ohne ...  ...     eBay
5   New ListingApple iPhone 11 Pro - 256GB - Space...  ...     eBay
..                                                ...  ...      ...
81  Apple iPhone 11 - 64GB - Green (EE) A2221 (CDM...  ...     eBay
82                                 iPhone 11 Pro 64GB  ...     eBay
83  Apple iPhone 11 Pro Max - 256GB - Space Gray (...  ...     eBay
84  Apple iPhone 11 - 64Go - Noir (Désimlocké) A22...  ...     eBay
85  New ListingApple iPhone 11 Pro Max - 256GB - S...  ...     eBay

[78 rows x 4 columns]</msg>
<status status="PASS" starttime="20201118 00:04:06.345" endtime="20201118 00:04:06.372"></status>
</kw>
<kw name="And combine the data" library="testcase_keywords">
<msg timestamp="20201118 00:04:06.394" level="INFO">all_data                                              ItemName    Price  \
2   New ListingApple iPhone 11 Pro Max - 256GB - N...   545.22   
41  New ListingApple iPhone 11 Pro Max - 256GB - N...   545.22   
60  iPhone 11 Pro Max - 512GB - Midnight Green - U...  4339.45   
21  iPhone 11 Pro Max - 512GB - Midnight Green - U...  4339.45   
72  New ListingApple iPhone 11 Pro - 64GB - Space ...  4116.50   
38  New ListingApple iPhone 11 Pro Max - 256GB - S...  4116.50   
33  New ListingApple iPhone 11 Pro - 64GB - Space ...  4116.50   
77  New ListingApple iPhone 11 Pro Max - 256GB - S...  4116.50   
18                      Apple iPhone 11 Pro Max 256GB  3971.08   
57                      Apple iPhone 11 Pro Max 256GB  3971.08   
31                            iPhone 11 Pro Max 512gb  3828.34   
70                            iPhone 11 Pro Max 512gb  3828.34   
59  Apple iPhone 11 Pro 256GB Midnight Green - Unl...  3363.07   
20  Apple iPhone 11 Pro 256GB Midnight Green - Unl...  3363.07   
76  Apple iPhone 11 - 64Go - Noir (Désimlocké) A22...  3308.42   
37  Apple iPhone 11 - 64Go - Noir (Désimlocké) A22...  3308.42   
67  Apple iPhone 11 Pro - 256GB - Silver (Unlocked...  3169.70   
28  Apple iPhone 11 Pro - 256GB - Silver (Unlocked...  3169.70   
48  New ListingApple iPhone 11 Pro Max - 256GB - S...  3089.24   
9   New ListingApple iPhone 11 Pro Max - 256GB - S...  3089.24   
61  New ListingApple iPhone 11 Pro - 256GB - Space...  3087.37   
22  New ListingApple iPhone 11 Pro - 256GB - Space...  3087.37   
75  Apple iPhone 11 Pro Max - 256GB - Space Gray (...  3005.04   
66  Apple iPhone 11 Pro - 256GB - Graphite (Unlock...  2928.66   
27  Apple iPhone 11 Pro - 256GB - Graphite (Unlock...  2928.66   
15  AS NEW Apple iPhone 11 Pro - 256GB - Space Gre...  2833.06   
54  AS NEW Apple iPhone 11 Pro - 256GB - Space Gre...  2833.06   
64  Apple iPhone 11 Pro Max - 64GB - Space Gray (U...  2831.04   
25  Apple iPhone 11 Pro Max - 64GB - Space Gray (U...  2831.04   
34  Apple iPhone 11 - 64GB - Green (EE) A2221 (CDM...  2820.64   
73  Apple iPhone 11 - 64GB - Green (EE) A2221 (CDM...  2820.64   
29  Apple iPhone 11 Pro - 256GB - Space Gray (Unlo...  2758.05   
68  Apple iPhone 11 Pro - 256GB - Space Gray (Unlo...  2758.05   
6   Apple iPhone 11 Pro - 256Go - Vert nuit (Désim...  2723.72   
45  Apple iPhone 11 Pro - 256Go - Vert nuit (Désim...  2723.72   
24  White iPhone 11 256gb - Factory Unlocked CDMA+...  2704.54   
63  White iPhone 11 256gb - Factory Unlocked CDMA+...  2704.54   
47  Apple iPhone 11 Pro Max - 64GB - Space Gray (U...  2511.06   
8   Apple iPhone 11 Pro Max - 64GB - Space Gray (U...  2511.06   
32  New ListingApple iPhone 11 Pro Max - 64GB - Mi...  2469.90   
71  New ListingApple iPhone 11 Pro Max - 64GB - Mi...  2469.90   
52  New ListingApple iPhone 11 Pro - 256Go - NEUF ...  2436.25   
13  New ListingApple iPhone 11 Pro - 256Go - NEUF ...  2436.25   
36                                 iPhone 11 Pro 64GB  2428.73   
74                                 iPhone 11 Pro 64GB  2428.73   
7   Apple iPhone 11 Pro - 256GB - Space Gray (Unlo...  2371.10   
46  Apple iPhone 11 Pro - 256GB - Space Gray (Unlo...  2371.10   
58  Apple iPhone 11 Pro - 256GB - Space Gray (Spri...  2350.52   
19  Apple iPhone 11 Pro - 256GB - Space Gray (Spri...  2350.52   
50  New ListingApple iPhone 11 Pro - 256GB - Midni...  2346.40   
11  New ListingApple iPhone 11 Pro - 256GB - Midni...  2346.40   
65  IMMACULATE CONDITION Apple iPhone 11 - 64GB - ...  2305.33   
26  IMMACULATE CONDITION Apple iPhone 11 - 64GB - ...  2305.33   
62  New ListingApple iPhone 11 Pro - 64GB - Midnig...  2264.07   
53  Used Apple iPhone 11 Pro Max 256GB Space Gray ...  2264.07   
14  Used Apple iPhone 11 Pro Max 256GB Space Gray ...  2264.07   
23  New ListingApple iPhone 11 Pro - 64GB - Midnig...  2264.07   
56  New ListingApple iPhone 11 Pro - 256GB - Silve...  2198.21   
17  New ListingApple iPhone 11 Pro - 256GB - Silve...  2198.21   
40             iPhone 11 128G A+ Black/White [Unlock]  2123.68   
1              iPhone 11 128G A+ Black/White [Unlock]  2123.68   
69  Apple iPhone 11 Pro - 64GB - Space Gray (Unloc...  2099.41   
30  Apple iPhone 11 Pro - 64GB - Space Gray (Unloc...  2099.41   
35  Apple iPhone 11 Pro - 64GB - Gold (Sprint) A21...  2017.08   
51  Apple iPhone 11 - 64GB - Midnight Green (Unloc...  1889.46   
12  Apple iPhone 11 - 64GB - Midnight Green (Unloc...  1889.46   
42  Apple iPhone 11 Pro - 256GB - Nachtgrün (Ohne ...  1848.28   
3   Apple iPhone 11 Pro - 256GB - Nachtgrün (Ohne ...  1848.28   
44  New ListingApple iPhone 11 - 64GB - Black (Unl...  1613.67   
5   New ListingApple iPhone 11 - 64GB - Black (Unl...  1613.67   
0                                    iPhone 11 Casing    16.00   
39                                   iPhone 11 Casing    16.00   
43  New ListingApple iPhone 11 Pro - 256GB - Space...  1593.30   
4   New ListingApple iPhone 11 Pro - 256GB - Space...  1593.30   
55  Apple iPhone 11 READ DESCRIPTION !!!! - 64GB -...  1543.69   
16  Apple iPhone 11 READ DESCRIPTION !!!! - 64GB -...  1543.69   
49  New Listing1 Apple iPhone 11 Pro - 512GB - Nac...  1257.10   
10  New Listing1 Apple iPhone 11 Pro - 512GB - Nac...  1257.10   

                                                 Link Platform  
2   https://www.ebay.com.my/itm/Apple-iPhone-11-Pr...     eBay  
41  https://www.ebay.com.my/itm/Apple-iPhone-11-Pr...     eBay  
60  https://www.ebay.com.my/itm/iPhone-11-Pro-Max-...     eBay  
21  https://www.ebay.com.my/itm/iPhone-11-Pro-Max-...     eBay  
72  https://www.ebay.com.my/itm/Apple-iPhone-11-Pr...     eBay  
38  https://www.ebay.com.my/itm/Apple-iPhone-11-Pr...     eBay  
33  https://www.ebay.com.my/itm/Apple-iPhone-11-Pr...     eBay  
77  https://www.ebay.com.my/itm/Apple-iPhone-11-Pr...     eBay  
18  https://www.ebay.com.my/itm/Apple-iPhone-11-Pr...     eBay  
57  https://www.ebay.com.my/itm/Apple-iPhone-11-Pr...     eBay  
31  https://www.ebay.com.my/itm/iPhone-11-Pro-Max-...     eBay  
70  https://www.ebay.com.my/itm/iPhone-11-Pro-Max-...     eBay  
59  https://www.ebay.com.my/itm/Apple-iPhone-11-Pr...     eBay  
20  https://www.ebay.com.my/itm/Apple-iPhone-11-Pr...     eBay  
76  https://www.ebay.com.my/itm/Apple-iPhone-11-64...     eBay  
37  https://www.ebay.com.my/itm/Apple-iPhone-11-64...     eBay  
67  https://www.ebay.com.my/itm/Apple-iPhone-11-Pr...     eBay  
28  https://www.ebay.com.my/itm/Apple-iPhone-11-Pr...     eBay  
48  https://www.ebay.com.my/itm/Apple-iPhone-11-Pr...     eBay  
9   https://www.ebay.com.my/itm/Apple-iPhone-11-Pr...     eBay  
61  https://www.ebay.com.my/itm/Apple-iPhone-11-Pr...     eBay  
22  https://www.ebay.com.my/itm/Apple-iPhone-11-Pr...     eBay  
75  https://www.ebay.com.my/itm/Apple-iPhone-11-Pr...     eBay  
66  https://www.ebay.com.my/itm/Apple-iPhone-11-Pr...     eBay  
27  https://www.ebay.com.my/itm/Apple-iPhone-11-Pr...     eBay  
15  https://www.ebay.com.my/itm/AS-NEW-Apple-iPhon...     eBay  
54  https://www.ebay.com.my/itm/AS-NEW-Apple-iPhon...     eBay  
64  https://www.ebay.com.my/itm/Apple-iPhone-11-Pr...     eBay  
25  https://www.ebay.com.my/itm/Apple-iPhone-11-Pr...     eBay  
34  https://www.ebay.com.my/itm/Apple-iPhone-11-64...     eBay  
73  https://www.ebay.com.my/itm/Apple-iPhone-11-64...     eBay  
29  https://www.ebay.com.my/itm/Apple-iPhone-11-Pr...     eBay  
68  https://www.ebay.com.my/itm/Apple-iPhone-11-Pr...     eBay  
6   https://www.ebay.com.my/itm/Apple-iPhone-11-Pr...     eBay  
45  https://www.ebay.com.my/itm/Apple-iPhone-11-Pr...     eBay  
24  https://www.ebay.com.my/itm/White-iPhone-11-25...     eBay  
63  https://www.ebay.com.my/itm/White-iPhone-11-25...     eBay  
47  https://www.ebay.com.my/itm/Apple-iPhone-11-Pr...     eBay  
8   https://www.ebay.com.my/itm/Apple-iPhone-11-Pr...     eBay  
32  https://www.ebay.com.my/itm/Apple-iPhone-11-Pr...     eBay  
71  https://www.ebay.com.my/itm/Apple-iPhone-11-Pr...     eBay  
52  https://www.ebay.com.my/itm/Apple-iPhone-11-Pr...     eBay  
13  https://www.ebay.com.my/itm/Apple-iPhone-11-Pr...     eBay  
36  https://www.ebay.com.my/itm/iPhone-11-Pro-64GB...     eBay  
74  https://www.ebay.com.my/itm/iPhone-11-Pro-64GB...     eBay  
7   https://www.ebay.com.my/itm/Apple-iPhone-11-Pr...     eBay  
46  https://www.ebay.com.my/itm/Apple-iPhone-11-Pr...     eBay  
58  https://www.ebay.com.my/itm/Apple-iPhone-11-Pr...     eBay  
19  https://www.ebay.com.my/itm/Apple-iPhone-11-Pr...     eBay  
50  https://www.ebay.com.my/itm/Apple-iPhone-11-Pr...     eBay  
11  https://www.ebay.com.my/itm/Apple-iPhone-11-Pr...     eBay  
65  https://www.ebay.com.my/itm/IMMACULATE-CONDITI...     eBay  
26  https://www.ebay.com.my/itm/IMMACULATE-CONDITI...     eBay  
62  https://www.ebay.com.my/itm/Apple-iPhone-11-Pr...     eBay  
53  https://www.ebay.com.my/itm/Used-Apple-iPhone-...     eBay  
14  https://www.ebay.com.my/itm/Used-Apple-iPhone-...     eBay  
23  https://www.ebay.com.my/itm/Apple-iPhone-11-Pr...     eBay  
56  https://www.ebay.com.my/itm/Apple-iPhone-11-Pr...     eBay  
17  https://www.ebay.com.my/itm/Apple-iPhone-11-Pr...     eBay  
40  https://www.ebay.com.my/itm/iPhone-11-128G-A-B...     eBay  
1   https://www.ebay.com.my/itm/iPhone-11-128G-A-B...     eBay  
69  https://www.ebay.com.my/itm/Apple-iPhone-11-Pr...     eBay  
30  https://www.ebay.com.my/itm/Apple-iPhone-11-Pr...     eBay  
35  https://www.ebay.com.my/itm/Apple-iPhone-11-Pr...     eBay  
51  https://www.ebay.com.my/itm/Apple-iPhone-11-64...     eBay  
12  https://www.ebay.com.my/itm/Apple-iPhone-11-64...     eBay  
42  https://www.ebay.com.my/itm/Apple-iPhone-11-Pr...     eBay  
3   https://www.ebay.com.my/itm/Apple-iPhone-11-Pr...     eBay  
44  https://www.ebay.com.my/itm/Apple-iPhone-11-64...     eBay  
5   https://www.ebay.com.my/itm/Apple-iPhone-11-64...     eBay  
0   https://www.ebay.com.my/itm/iPhone-11-Casing/1...     eBay  
39  https://www.ebay.com.my/itm/iPhone-11-Casing/1...     eBay  
43  https://www.ebay.com.my/itm/Apple-iPhone-11-Pr...     eBay  
4   https://www.ebay.com.my/itm/Apple-iPhone-11-Pr...     eBay  
55  https://www.ebay.com.my/itm/Apple-iPhone-11-RE...     eBay  
16  https://www.ebay.com.my/itm/Apple-iPhone-11-RE...     eBay  
49  https://www.ebay.com.my/itm/1-Apple-iPhone-11-...     eBay  
10  https://www.ebay.com.my/itm/1-Apple-iPhone-11-...     eBay</msg>
<status status="PASS" starttime="20201118 00:04:06.372" endtime="20201118 00:04:06.395"></status>
</kw>
<status status="PASS" starttime="20201118 00:03:49.061" endtime="20201118 00:04:06.395" critical="yes"></status>
</test>
<status status="PASS" starttime="20201118 00:03:48.490" endtime="20201118 00:04:06.397"></status>
</suite>
<status status="PASS" starttime="20201118 00:03:48.488" endtime="20201118 00:04:06.399"></status>
</suite>
<status status="PASS" starttime="20201118 00:03:48.465" endtime="20201118 00:04:06.400"></status>
</suite>
<statistics>
<total>
<stat pass="1" fail="0">Critical Tests</stat>
<stat pass="1" fail="0">All Tests</stat>
</total>
<tag>
</tag>
<suite>
<stat pass="1" fail="0" id="s1" name="Hanaffiamazon">Hanaffiamazon</stat>
<stat pass="1" fail="0" id="s1-s1" name="Testcase">Hanaffiamazon.Testcase</stat>
<stat pass="1" fail="0" id="s1-s1-s1" name="Testcase">Hanaffiamazon.Testcase.Testcase</stat>
</suite>
</statistics>
<errors>
</errors>
</robot>
